<?xml version="1.0" encoding="UTF-8"?>
<testsuite hostname="sacedo-OptiPlex-380" name="com.abiquo.server.core.scheduler.RulesRepTest" tests="10" failures="2" timestamp="12 Apr 2011 13:15:44 GMT" time="6.551" errors="0">
  <testcase name="test_deleteEnterpriseExclusionRule" time="0.231" classname="com.abiquo.server.core.scheduler.RulesRepTest"/>
  <testcase name="test_deleteFitPolicyRule" time="0.134" classname="com.abiquo.server.core.scheduler.RulesRepTest"/>
  <testcase name="test_deleteMachineLoadRule" time="0.392" classname="com.abiquo.server.core.scheduler.RulesRepTest"/>
  <testcase name="test_findAllEnterpriseExclusionRules" time="0.109" classname="com.abiquo.server.core.scheduler.RulesRepTest"/>
  <testcase name="test_findAllFitPolicyRules" time="0.09" classname="com.abiquo.server.core.scheduler.RulesRepTest"/>
  <testcase name="test_findAllMachineLoadRules" time="0.31" classname="com.abiquo.server.core.scheduler.RulesRepTest"/>
  <testcase name="test_getFitPolicyForDatacenter" time="0.108" classname="com.abiquo.server.core.scheduler.RulesRepTest"/>
  <testcase name="test_getGlobalFitPolicy" time="0.093" classname="com.abiquo.server.core.scheduler.RulesRepTest">
    <failure type="javax.persistence.NoResultException" message="No entity found for query">
      <![CDATA[javax.persistence.NoResultException: No entity found for query
	at com.softwarementors.bzngine.engines.hibernate.CriteriaJpaHelper.getSingleResult(CriteriaJpaHelper.java:197)
	at com.softwarementors.bzngine.dao.hibernate.JpaHibernateDaoBase.getSingleResult(JpaHibernateDaoBase.java:175)
	at com.abiquo.server.core.scheduler.FitPolicyRuleDAO.getGlobalFitPolicy(FitPolicyRuleDAO.java:60)
	at com.abiquo.server.core.scheduler.RulesRep.getGlobalFitPolicy(RulesRep.java:205)
	at com.abiquo.server.core.scheduler.RulesRepTest.test_getGlobalFitPolicy(RulesRepTest.java:322)
	at sun.reflect.NativeMethodAccessorImpl.invoke0(Native Method)
	at sun.reflect.NativeMethodAccessorImpl.invoke(NativeMethodAccessorImpl.java:39)
	at sun.reflect.DelegatingMethodAccessorImpl.invoke(DelegatingMethodAccessorImpl.java:25)
	at java.lang.reflect.Method.invoke(Method.java:597)
	at org.testng.internal.MethodInvocationHelper.invokeMethod(MethodInvocationHelper.java:74)
	at org.testng.internal.Invoker.invokeMethod(Invoker.java:673)
	at org.testng.internal.Invoker.invokeTestMethod(Invoker.java:846)
	at org.testng.internal.Invoker.invokeTestMethods(Invoker.java:1170)
	at org.testng.internal.TestMethodWorker.invokeTestMethods(TestMethodWorker.java:125)
	at org.testng.internal.TestMethodWorker.run(TestMethodWorker.java:109)
	at org.testng.TestRunner.runWorkers(TestRunner.java:1147)
	at org.testng.TestRunner.privateRun(TestRunner.java:749)
	at org.testng.TestRunner.run(TestRunner.java:600)
	at org.testng.SuiteRunner.runTest(SuiteRunner.java:317)
	at org.testng.SuiteRunner.runSequentially(SuiteRunner.java:312)
	at org.testng.SuiteRunner.privateRun(SuiteRunner.java:274)
	at org.testng.SuiteRunner.run(SuiteRunner.java:223)
	at org.testng.SuiteRunnerWorker.runSuite(SuiteRunnerWorker.java:52)
	at org.testng.SuiteRunnerWorker.run(SuiteRunnerWorker.java:86)
	at org.testng.TestNG.runSuitesSequentially(TestNG.java:1039)
	at org.testng.TestNG.runSuitesLocally(TestNG.java:964)
	at org.testng.TestNG.run(TestNG.java:900)
	at org.testng.remote.RemoteTestNG.run(RemoteTestNG.java:110)
	at org.testng.remote.RemoteTestNG.initAndRun(RemoteTestNG.java:205)
	at org.testng.remote.RemoteTestNG.main(RemoteTestNG.java:174)
]]>
    </failure>
  </testcase>
  <testcase name="test_getGlobalRules" time="0.091" classname="com.abiquo.server.core.scheduler.RulesRepTest">
    <failure type="javax.persistence.NoResultException" message="No entity found for query">
      <![CDATA[javax.persistence.NoResultException: No entity found for query
	at com.softwarementors.bzngine.engines.hibernate.CriteriaJpaHelper.getSingleResult(CriteriaJpaHelper.java:197)
	at com.softwarementors.bzngine.dao.hibernate.JpaHibernateDaoBase.getSingleResult(JpaHibernateDaoBase.java:175)
	at com.abiquo.server.core.scheduler.FitPolicyRuleDAO.getGlobalFitPolicy(FitPolicyRuleDAO.java:60)
	at com.abiquo.server.core.scheduler.RulesRep.getGlobalRules(RulesRep.java:75)
	at com.abiquo.server.core.scheduler.RulesRepTest.test_getGlobalRules(RulesRepTest.java:304)
	at sun.reflect.NativeMethodAccessorImpl.invoke0(Native Method)
	at sun.reflect.NativeMethodAccessorImpl.invoke(NativeMethodAccessorImpl.java:39)
	at sun.reflect.DelegatingMethodAccessorImpl.invoke(DelegatingMethodAccessorImpl.java:25)
	at java.lang.reflect.Method.invoke(Method.java:597)
	at org.testng.internal.MethodInvocationHelper.invokeMethod(MethodInvocationHelper.java:74)
	at org.testng.internal.Invoker.invokeMethod(Invoker.java:673)
	at org.testng.internal.Invoker.invokeTestMethod(Invoker.java:846)
	at org.testng.internal.Invoker.invokeTestMethods(Invoker.java:1170)
	at org.testng.internal.TestMethodWorker.invokeTestMethods(TestMethodWorker.java:125)
	at org.testng.internal.TestMethodWorker.run(TestMethodWorker.java:109)
	at org.testng.TestRunner.runWorkers(TestRunner.java:1147)
	at org.testng.TestRunner.privateRun(TestRunner.java:749)
	at org.testng.TestRunner.run(TestRunner.java:600)
	at org.testng.SuiteRunner.runTest(SuiteRunner.java:317)
	at org.testng.SuiteRunner.runSequentially(SuiteRunner.java:312)
	at org.testng.SuiteRunner.privateRun(SuiteRunner.java:274)
	at org.testng.SuiteRunner.run(SuiteRunner.java:223)
	at org.testng.SuiteRunnerWorker.runSuite(SuiteRunnerWorker.java:52)
	at org.testng.SuiteRunnerWorker.run(SuiteRunnerWorker.java:86)
	at org.testng.TestNG.runSuitesSequentially(TestNG.java:1039)
	at org.testng.TestNG.runSuitesLocally(TestNG.java:964)
	at org.testng.TestNG.run(TestNG.java:900)
	at org.testng.remote.RemoteTestNG.run(RemoteTestNG.java:110)
	at org.testng.remote.RemoteTestNG.initAndRun(RemoteTestNG.java:205)
	at org.testng.remote.RemoteTestNG.main(RemoteTestNG.java:174)
]]>
    </failure>
  </testcase>
  <testcase name="test_getMachineLoadForDatacenter" time="0.093" classname="com.abiquo.server.core.scheduler.RulesRepTest"/>
</testsuite>
