<?xml version="1.0" encoding="UTF-8"?>
<testsuite hostname="scastro" name="com.abiquo.server.core.cloud.HypervisorDAOTest" tests="1535" failures="0" timestamp="26 Apr 2011 08:08:20 GMT" time="95.33" errors="0">
  <testcase name="existAnyWithIp" time="0.122" classname="com.abiquo.server.core.cloud.HypervisorDAOTest"/>
  <testcase name="test_constructor_preconditionEntityManagerMustBeOpen" time="0.0020" classname="com.abiquo.server.core.cloud.HypervisorDAOTest"/>
  <testcase name="test_findAll" time="0.093" classname="com.abiquo.server.core.cloud.HypervisorDAOTest"/>
  <testcase name="test_findAll_preconditionEntityManagerMustBeInTransaction" time="0.0010" classname="com.abiquo.server.core.cloud.HypervisorDAOTest"/>
  <testcase name="test_findAll_preconditionEntityManagerMustBeOpen" time="0.0020" classname="com.abiquo.server.core.cloud.HypervisorDAOTest"/>
  <testcase name="test_findById" time="0.056" classname="com.abiquo.server.core.cloud.HypervisorDAOTest"/>
  <testcase name="test_findById_preconditionIdEntityManagerMustBeInTransaction" time="0.05" classname="com.abiquo.server.core.cloud.HypervisorDAOTest"/>
  <testcase name="test_findById_preconditionIdEntityManagerMustBeOpen" time="0.05" classname="com.abiquo.server.core.cloud.HypervisorDAOTest"/>
  <testcase name="test_findById_preconditionIdMustNotBeNull" time="0.0010" classname="com.abiquo.server.core.cloud.HypervisorDAOTest"/>
  <testcase name="test_findExistingById" time="0.055" classname="com.abiquo.server.core.cloud.HypervisorDAOTest"/>
  <testcase name="test_findExistingById_preconditionIdEntityManagerMustBeInTransaction" time="0.05" classname="com.abiquo.server.core.cloud.HypervisorDAOTest"/>
  <testcase name="test_findExistingById_preconditionIdEntityManagerMustBeOpen" time="0.051" classname="com.abiquo.server.core.cloud.HypervisorDAOTest"/>
  <testcase name="test_findExistingById_preconditionIdMustNotBeNull" time="0.0010" classname="com.abiquo.server.core.cloud.HypervisorDAOTest"/>
  <testcase name="test_isInReadWriteTransaction" time="0.01" classname="com.abiquo.server.core.cloud.HypervisorDAOTest"/>
  <testcase name="test_isInReadWriteTransaction_preconditionEntityManagerIsOpen" time="0.0010" classname="com.abiquo.server.core.cloud.HypervisorDAOTest"/>
  <testcase name="test_isInRollbackTransaction" time="0.0" classname="com.abiquo.server.core.cloud.HypervisorDAOTest"/>
  <testcase name="test_isInRollbackTransaction_preconditionEntityManagerIsOpen" time="0.0010" classname="com.abiquo.server.core.cloud.HypervisorDAOTest"/>
  <testcase name="test_isInTransaction" time="0.0" classname="com.abiquo.server.core.cloud.HypervisorDAOTest"/>
  <testcase name="test_isInTransaction_preconditionEntityManagerIsOpen" time="0.0010" classname="com.abiquo.server.core.cloud.HypervisorDAOTest"/>
  <testcase name="test_isManaged" time="0.127" classname="com.abiquo.server.core.cloud.HypervisorDAOTest"/>
  <testcase name="test_isManaged_preconditionEntityManagerMustBeInTransaction" time="0.0020" classname="com.abiquo.server.core.cloud.HypervisorDAOTest"/>
  <testcase name="test_isManaged_preconditionEntityManagerMustBeOpen" time="0.058" classname="com.abiquo.server.core.cloud.HypervisorDAOTest"/>
  <testcase name="test_isManaged_preconditionEntityMustNotBeNull" time="0.0010" classname="com.abiquo.server.core.cloud.HypervisorDAOTest"/>
  <testcase name="test_isOpen" time="0.0" classname="com.abiquo.server.core.cloud.HypervisorDAOTest"/>
  <testcase name="test_persist" time="0.061" classname="com.abiquo.server.core.cloud.HypervisorDAOTest"/>
  <testcase name="test_persist_preconditionEntityManagerMustBeInReadWriteTransaction" time="0.0020" classname="com.abiquo.server.core.cloud.HypervisorDAOTest"/>
  <testcase name="test_persist_preconditionEntityManagerMustBeOpen" time="0.0060" classname="com.abiquo.server.core.cloud.HypervisorDAOTest"/>
  <testcase name="test_persist_preconditionEntityMustNotBeManaged" time="0.0050" classname="com.abiquo.server.core.cloud.HypervisorDAOTest"/>
  <testcase name="test_persist_preconditionEntityMustNotBeNull" time="0.0010" classname="com.abiquo.server.core.cloud.HypervisorDAOTest"/>
  <testcase name="test_remove" time="0.115" classname="com.abiquo.server.core.cloud.HypervisorDAOTest"/>
  <testcase name="test_remove_preconditionEntityManagerMustBeInReadWriteTransaction" time="0.051" classname="com.abiquo.server.core.cloud.HypervisorDAOTest"/>
  <testcase name="test_remove_preconditionEntityManagerMustBeOpen" time="0.059" classname="com.abiquo.server.core.cloud.HypervisorDAOTest"/>
  <testcase name="test_remove_preconditionEntityMustBeManaged" time="0.051" classname="com.abiquo.server.core.cloud.HypervisorDAOTest"/>
  <testcase name="test_remove_preconditionEntityMustNotBeNull" time="0.0" classname="com.abiquo.server.core.cloud.HypervisorDAOTest"/>
  <testcase name="test_remove_preconditionEntityMustNotBeRemoved" time="0.0060" classname="com.abiquo.server.core.cloud.HypervisorDAOTest"/>
  <testcase name="deleteVirtualDatacenter" time="0.169" classname="com.abiquo.server.core.cloud.VirtualDatacenterRepTest"/>
  <testcase name="testFindAllVLANNetworks" time="0.071" classname="com.abiquo.server.core.cloud.VirtualDatacenterRepTest"/>
  <testcase name="testFindAllVLANNetworksByVirtualDatacenter" time="0.086" classname="com.abiquo.server.core.cloud.VirtualDatacenterRepTest"/>
  <testcase name="testFindVLANNetworkById" time="0.06" classname="com.abiquo.server.core.cloud.VirtualDatacenterRepTest"/>
  <testcase name="testFindZeroVLANNetworksByDatacenter" time="0.068" classname="com.abiquo.server.core.cloud.VirtualDatacenterRepTest"/>
  <testcase name="test_findAllDatacenters" time="0.07" classname="com.abiquo.server.core.cloud.VirtualDatacenterRepTest"/>
  <testcase name="test_findVirtualDatacenterById" time="0.06" classname="com.abiquo.server.core.cloud.VirtualDatacenterRepTest"/>
  <testcase name="shouldNotBeValidWithInvalidLimits" time="0.031" classname="com.abiquo.server.core.cloud.VirtualDatacenterTest"/>
  <testcase name="test_isValid" time="0.015" classname="com.abiquo.server.core.cloud.VirtualDatacenterTest"/>
  <testcase name="toString_forCodeCoverage" time="0.0" classname="com.abiquo.server.core.cloud.VirtualDatacenterTest"/>
  <testcase name="test_newEnum" time="0.0010" classname="com.abiquo.server.core.common.DefaultEntityGeneratorTest"/>
  <testcase name="test_isValid" time="0.012" classname="com.abiquo.server.core.infrastructure.network.IpPoolManagementTest"/>
  <testcase name="toString_forCodeCoverage" time="0.0" classname="com.abiquo.server.core.infrastructure.network.IpPoolManagementTest"/>
  <testcase name="test_isValid" time="0.0090" classname="com.abiquo.server.core.statistics.VirtualDatacenterResourcesTest"/>
  <testcase name="toString_forCodeCoverage" time="0.0010" classname="com.abiquo.server.core.statistics.VirtualDatacenterResourcesTest"/>
  <testcase name="test_isValid" time="0.0050" classname="com.abiquo.server.core.infrastructure.storage.StorageDeviceTest"/>
  <testcase name="toString_forCodeCoverage" time="0.0" classname="com.abiquo.server.core.infrastructure.storage.StorageDeviceTest"/>
  <testcase name="test_isValid" time="0.0040" classname="com.abiquo.server.core.infrastructure.RackTest"/>
  <testcase name="toString_forCodeCoverage" time="0.0080" classname="com.abiquo.server.core.infrastructure.RackTest"/>
  <testcase name="test_isValid" time="0.015" classname="com.abiquo.server.core.infrastructure.DatacenterLimitsTest"/>
  <testcase name="toString_forCodeCoverage" time="0.0" classname="com.abiquo.server.core.infrastructure.DatacenterLimitsTest"/>
  <testcase name="test_isValid" time="0.0060" classname="com.abiquo.server.core.statistics.EnterpriseResourcesTest"/>
  <testcase name="toString_forCodeCoverage" time="0.0" classname="com.abiquo.server.core.statistics.EnterpriseResourcesTest"/>
  <testcase name="test_isValid" time="0.0040" classname="com.abiquo.server.core.infrastructure.storage.StoragePoolTest"/>
  <testcase name="toString_forCodeCoverage" time="0.0" classname="com.abiquo.server.core.infrastructure.storage.StoragePoolTest"/>
  <testcase name="test_isValid" time="0.0010" classname="com.abiquo.server.core.config.LicenseTest"/>
  <testcase name="toString_forCodeCoverage" time="0.0" classname="com.abiquo.server.core.config.LicenseTest"/>
  <testcase name="test_isActive" time="0.0020" classname="com.abiquo.server.core.config.LicenseTest"/>
  <testcase name="test_isActiveInvalid" time="0.0010" classname="com.abiquo.server.core.config.LicenseTest"/>
  <testcase name="test_isValid" time="0.0050" classname="com.abiquo.server.core.statistics.VirtualAppResourcesTest"/>
  <testcase name="toString_forCodeCoverage" time="0.0" classname="com.abiquo.server.core.statistics.VirtualAppResourcesTest"/>
  <testcase name="test_isValid" time="0.0020" classname="com.abiquo.server.core.config.SystemPropertyTest"/>
  <testcase name="toString_forCodeCoverage" time="0.0" classname="com.abiquo.server.core.config.SystemPropertyTest"/>
  <testcase name="test_isValid" time="0.01" classname="com.abiquo.server.core.infrastructure.management.RasdTest"/>
  <testcase name="toString_forCodeCoverage" time="0.0010" classname="com.abiquo.server.core.infrastructure.management.RasdTest"/>
  <testcase name="test_isValid" time="0.0020" classname="com.abiquo.server.core.infrastructure.DatacenterTest"/>
  <testcase name="toString_forCodeCoverage" time="0.0" classname="com.abiquo.server.core.infrastructure.DatacenterTest"/>
  <testcase name="test_isValid" time="0.0020" classname="com.abiquo.server.core.enterprise.PrivilegeTest"/>
  <testcase name="toString_forCodeCoverage" time="0.0010" classname="com.abiquo.server.core.enterprise.PrivilegeTest"/>
  <testcase name="test_isValid" time="0.0080" classname="com.abiquo.server.core.enterprise.UserTest"/>
  <testcase name="toString_forCodeCoverage" time="0.0" classname="com.abiquo.server.core.enterprise.UserTest"/>
  <testcase name="test_isValid" time="0.0020" classname="com.abiquo.server.core.infrastructure.network.NetworkAssignmentTest"/>
  <testcase name="toString_forCodeCoverage" time="0.0010" classname="com.abiquo.server.core.infrastructure.network.NetworkAssignmentTest"/>
  <testcase name="test_isValid" time="0.0030" classname="com.abiquo.server.core.infrastructure.RemoteServiceTest"/>
  <testcase name="toString_forCodeCoverage" time="0.0" classname="com.abiquo.server.core.infrastructure.RemoteServiceTest"/>
  <testcase name="remoteServiceWithURI" time="0.0030" classname="com.abiquo.server.core.infrastructure.RemoteServiceTest"/>
  <testcase name="remoteServiceWithURI" time="0.0030" classname="com.abiquo.server.core.infrastructure.RemoteServiceTest"/>
  <testcase name="remoteServiceWithURI" time="0.011" classname="com.abiquo.server.core.infrastructure.RemoteServiceTest"/>
  <testcase name="remoteServiceWithURI" time="0.0050" classname="com.abiquo.server.core.infrastructure.RemoteServiceTest"/>
  <testcase name="test_isValid" time="0.0060" classname="com.abiquo.server.core.cloud.NodeVirtualImageTest"/>
  <testcase name="toString_forCodeCoverage" time="0.0010" classname="com.abiquo.server.core.cloud.NodeVirtualImageTest"/>
  <testcase name="test_isValid" time="0.015" classname="com.abiquo.server.core.enterprise.EnterpriseTest"/>
  <testcase name="toString_forCodeCoverage" time="0.0" classname="com.abiquo.server.core.enterprise.EnterpriseTest"/>
  <testcase name="test_checkLimitStatus" time="0.0" classname="com.abiquo.server.core.enterprise.EnterpriseTest"/>
  <testcase name="test_isValidLimitRange" time="0.0010" classname="com.abiquo.server.core.enterprise.EnterpriseTest"/>
  <testcase name="test_setCpuCountLimitsInMb" time="0.0" classname="com.abiquo.server.core.enterprise.EnterpriseTest"/>
  <testcase name="test_setHdLimitsInMb" time="0.0010" classname="com.abiquo.server.core.enterprise.EnterpriseTest"/>
  <testcase name="test_setRamLimitsInMb" time="0.0" classname="com.abiquo.server.core.enterprise.EnterpriseTest"/>
  <testcase name="test_isValid" time="0.012" classname="com.abiquo.server.core.infrastructure.MachineTest"/>
  <testcase name="toString_forCodeCoverage" time="0.0010" classname="com.abiquo.server.core.infrastructure.MachineTest"/>
  <testcase name="test_isValid" time="0.013" classname="com.abiquo.server.core.statistics.CloudUsageTest"/>
  <testcase name="toString_forCodeCoverage" time="0.0" classname="com.abiquo.server.core.statistics.CloudUsageTest"/>
  <testcase name="test_isValid" time="0.0020" classname="com.abiquo.server.core.enterprise.RoleLdapTest"/>
  <testcase name="toString_forCodeCoverage" time="0.0" classname="com.abiquo.server.core.enterprise.RoleLdapTest"/>
  <testcase name="test_isValid" time="0.0010" classname="com.abiquo.server.core.infrastructure.network.DhcpTest"/>
  <testcase name="toString_forCodeCoverage" time="0.0" classname="com.abiquo.server.core.infrastructure.network.DhcpTest"/>
  <testcase name="test_isValid" time="0.0040" classname="com.abiquo.server.core.cloud.HypervisorTest"/>
  <testcase name="toString_forCodeCoverage" time="0.0010" classname="com.abiquo.server.core.cloud.HypervisorTest"/>
  <testcase name="test_isValid" time="0.0070" classname="com.abiquo.server.core.statistics.DatacenterResourcesTest"/>
  <testcase name="toString_forCodeCoverage" time="0.0010" classname="com.abiquo.server.core.statistics.DatacenterResourcesTest"/>
  <testcase name="test_isValid" time="0.0020" classname="com.abiquo.server.core.scheduler.FitPolicyRuleTest"/>
  <testcase name="toString_forCodeCoverage" time="0.0" classname="com.abiquo.server.core.scheduler.FitPolicyRuleTest"/>
  <testcase name="test_isValid" time="0.0060" classname="com.abiquo.server.core.infrastructure.storage.VolumeManagementTest"/>
  <testcase name="toString_forCodeCoverage" time="0.0010" classname="com.abiquo.server.core.infrastructure.storage.VolumeManagementTest"/>
  <testcase name="test_isValid" time="0.0020" classname="com.abiquo.server.core.infrastructure.RepositoryTest"/>
  <testcase name="toString_forCodeCoverage" time="0.0010" classname="com.abiquo.server.core.infrastructure.RepositoryTest"/>
  <testcase name="test_isValid" time="0.0030" classname="com.abiquo.server.core.enterprise.RoleTest"/>
  <testcase name="toString_forCodeCoverage" time="0.0010" classname="com.abiquo.server.core.enterprise.RoleTest"/>
  <testcase name="test_isValid" time="0.0040" classname="com.abiquo.server.core.cloud.VirtualApplianceTest"/>
  <testcase name="toString_forCodeCoverage" time="0.0" classname="com.abiquo.server.core.cloud.VirtualApplianceTest"/>
  <testcase name="test_isValid" time="0.0070" classname="com.abiquo.server.core.cloud.VirtualMachineTest"/>
  <testcase name="toString_forCodeCoverage" time="0.0010" classname="com.abiquo.server.core.cloud.VirtualMachineTest"/>
  <testcase name="test_isValid" time="0.0030" classname="com.abiquo.server.core.infrastructure.management.RasdManagementTest"/>
  <testcase name="toString_forCodeCoverage" time="0.0" classname="com.abiquo.server.core.infrastructure.management.RasdManagementTest"/>
  <testcase name="test_isValid" time="0.0040" classname="com.abiquo.server.core.infrastructure.DatastoreTest"/>
  <testcase name="toString_forCodeCoverage" time="0.0" classname="com.abiquo.server.core.infrastructure.DatastoreTest"/>
  <testcase name="test_isValid" time="0.0030" classname="com.abiquo.server.core.scheduler.MachineLoadRuleTest"/>
  <testcase name="toString_forCodeCoverage" time="0.0" classname="com.abiquo.server.core.scheduler.MachineLoadRuleTest"/>
  <testcase name="test_isValid" time="0.0070" classname="com.abiquo.server.core.cloud.VirtualImageTest"/>
  <testcase name="toString_forCodeCoverage" time="0.0010" classname="com.abiquo.server.core.cloud.VirtualImageTest"/>
  <testcase name="test_isValid" time="0.01" classname="com.abiquo.server.core.scheduler.EnterpriseExclusionRuleTest"/>
  <testcase name="toString_forCodeCoverage" time="0.0" classname="com.abiquo.server.core.scheduler.EnterpriseExclusionRuleTest"/>
  <testcase name="test_isValid" time="0.0030" classname="com.abiquo.server.core.infrastructure.storage.TierTest"/>
  <testcase name="toString_forCodeCoverage" time="0.0" classname="com.abiquo.server.core.infrastructure.storage.TierTest"/>
  <testcase name="test_addInvalidLicenseEmpty" time="0.0040" classname="com.abiquo.server.core.config.LicenseDAOTest"/>
  <testcase name="test_addInvalidLicenseOnlySpaces" time="0.0020" classname="com.abiquo.server.core.config.LicenseDAOTest"/>
  <testcase name="test_addInvalidLicenseWithLeadingWhitespace" time="0.0010" classname="com.abiquo.server.core.config.LicenseDAOTest"/>
  <testcase name="test_addInvalidLicenseWithTrailingWhitespace" time="0.0010" classname="com.abiquo.server.core.config.LicenseDAOTest"/>
  <testcase name="test_existsAnyOtherWithData" time="0.064" classname="com.abiquo.server.core.config.LicenseDAOTest"/>
  <testcase name="test_existsAnyWithData" time="0.052" classname="com.abiquo.server.core.config.LicenseDAOTest"/>
  <testcase name="test_constructor_preconditionEntityManagerMustBeOpen" time="0.0010" classname="com.abiquo.server.core.config.LicenseDAOTest"/>
  <testcase name="test_findAll" time="0.05" classname="com.abiquo.server.core.config.LicenseDAOTest"/>
  <testcase name="test_findAll_preconditionEntityManagerMustBeInTransaction" time="0.0010" classname="com.abiquo.server.core.config.LicenseDAOTest"/>
  <testcase name="test_findAll_preconditionEntityManagerMustBeOpen" time="0.0010" classname="com.abiquo.server.core.config.LicenseDAOTest"/>
  <testcase name="test_findById" time="0.093" classname="com.abiquo.server.core.config.LicenseDAOTest"/>
  <testcase name="test_findById_preconditionIdEntityManagerMustBeInTransaction" time="0.05" classname="com.abiquo.server.core.config.LicenseDAOTest"/>
  <testcase name="test_findById_preconditionIdEntityManagerMustBeOpen" time="0.05" classname="com.abiquo.server.core.config.LicenseDAOTest"/>
  <testcase name="test_findById_preconditionIdMustNotBeNull" time="0.0010" classname="com.abiquo.server.core.config.LicenseDAOTest"/>
  <testcase name="test_findExistingById" time="0.054" classname="com.abiquo.server.core.config.LicenseDAOTest"/>
  <testcase name="test_findExistingById_preconditionIdEntityManagerMustBeInTransaction" time="0.05" classname="com.abiquo.server.core.config.LicenseDAOTest"/>
  <testcase name="test_findExistingById_preconditionIdEntityManagerMustBeOpen" time="0.051" classname="com.abiquo.server.core.config.LicenseDAOTest"/>
  <testcase name="test_findExistingById_preconditionIdMustNotBeNull" time="0.0010" classname="com.abiquo.server.core.config.LicenseDAOTest"/>
  <testcase name="test_isInReadWriteTransaction" time="0.0010" classname="com.abiquo.server.core.config.LicenseDAOTest"/>
  <testcase name="test_isInReadWriteTransaction_preconditionEntityManagerIsOpen" time="0.0010" classname="com.abiquo.server.core.config.LicenseDAOTest"/>
  <testcase name="test_isInRollbackTransaction" time="0.0010" classname="com.abiquo.server.core.config.LicenseDAOTest"/>
  <testcase name="test_isInRollbackTransaction_preconditionEntityManagerIsOpen" time="0.0010" classname="com.abiquo.server.core.config.LicenseDAOTest"/>
  <testcase name="test_isInTransaction" time="0.0010" classname="com.abiquo.server.core.config.LicenseDAOTest"/>
  <testcase name="test_isInTransaction_preconditionEntityManagerIsOpen" time="0.0010" classname="com.abiquo.server.core.config.LicenseDAOTest"/>
  <testcase name="test_isManaged" time="0.116" classname="com.abiquo.server.core.config.LicenseDAOTest"/>
  <testcase name="test_isManaged_preconditionEntityManagerMustBeInTransaction" time="0.0010" classname="com.abiquo.server.core.config.LicenseDAOTest"/>
  <testcase name="test_isManaged_preconditionEntityManagerMustBeOpen" time="0.0020" classname="com.abiquo.server.core.config.LicenseDAOTest"/>
  <testcase name="test_isManaged_preconditionEntityMustNotBeNull" time="0.0010" classname="com.abiquo.server.core.config.LicenseDAOTest"/>
  <testcase name="test_isOpen" time="0.0" classname="com.abiquo.server.core.config.LicenseDAOTest"/>
  <testcase name="test_persist" time="0.19" classname="com.abiquo.server.core.config.LicenseDAOTest"/>
  <testcase name="test_persist_preconditionEntityManagerMustBeInReadWriteTransaction" time="0.0010" classname="com.abiquo.server.core.config.LicenseDAOTest"/>
  <testcase name="test_persist_preconditionEntityManagerMustBeOpen" time="0.0010" classname="com.abiquo.server.core.config.LicenseDAOTest"/>
  <testcase name="test_persist_preconditionEntityMustNotBeManaged" time="0.0010" classname="com.abiquo.server.core.config.LicenseDAOTest"/>
  <testcase name="test_persist_preconditionEntityMustNotBeNull" time="0.0020" classname="com.abiquo.server.core.config.LicenseDAOTest"/>
  <testcase name="test_remove" time="0.089" classname="com.abiquo.server.core.config.LicenseDAOTest"/>
  <testcase name="test_remove_preconditionEntityManagerMustBeInReadWriteTransaction" time="0.047" classname="com.abiquo.server.core.config.LicenseDAOTest"/>
  <testcase name="test_remove_preconditionEntityManagerMustBeOpen" time="0.051" classname="com.abiquo.server.core.config.LicenseDAOTest"/>
  <testcase name="test_remove_preconditionEntityMustBeManaged" time="0.051" classname="com.abiquo.server.core.config.LicenseDAOTest"/>
  <testcase name="test_remove_preconditionEntityMustNotBeNull" time="0.0010" classname="com.abiquo.server.core.config.LicenseDAOTest"/>
  <testcase name="test_remove_preconditionEntityMustNotBeRemoved" time="0.0020" classname="com.abiquo.server.core.config.LicenseDAOTest"/>
  <testcase name="test_existsAnyOtherWithName" time="0.055" classname="com.abiquo.server.core.config.SystemPropertyDAOTest"/>
  <testcase name="test_existsAnyWithName" time="0.051" classname="com.abiquo.server.core.config.SystemPropertyDAOTest"/>
  <testcase name="test_findByComponent" time="0.056" classname="com.abiquo.server.core.config.SystemPropertyDAOTest"/>
  <testcase name="test_findByName" time="0.053" classname="com.abiquo.server.core.config.SystemPropertyDAOTest"/>
  <testcase name="test_constructor_preconditionEntityManagerMustBeOpen" time="0.0010" classname="com.abiquo.server.core.config.SystemPropertyDAOTest"/>
  <testcase name="test_findAll" time="0.06" classname="com.abiquo.server.core.config.SystemPropertyDAOTest"/>
  <testcase name="test_findAll_preconditionEntityManagerMustBeInTransaction" time="0.0010" classname="com.abiquo.server.core.config.SystemPropertyDAOTest"/>
  <testcase name="test_findAll_preconditionEntityManagerMustBeOpen" time="0.0010" classname="com.abiquo.server.core.config.SystemPropertyDAOTest"/>
  <testcase name="test_findById" time="0.05" classname="com.abiquo.server.core.config.SystemPropertyDAOTest"/>
  <testcase name="test_findById_preconditionIdEntityManagerMustBeInTransaction" time="0.042" classname="com.abiquo.server.core.config.SystemPropertyDAOTest"/>
  <testcase name="test_findById_preconditionIdEntityManagerMustBeOpen" time="0.051" classname="com.abiquo.server.core.config.SystemPropertyDAOTest"/>
  <testcase name="test_findById_preconditionIdMustNotBeNull" time="0.0010" classname="com.abiquo.server.core.config.SystemPropertyDAOTest"/>
  <testcase name="test_findExistingById" time="0.045" classname="com.abiquo.server.core.config.SystemPropertyDAOTest"/>
  <testcase name="test_findExistingById_preconditionIdEntityManagerMustBeInTransaction" time="0.051" classname="com.abiquo.server.core.config.SystemPropertyDAOTest"/>
  <testcase name="test_findExistingById_preconditionIdEntityManagerMustBeOpen" time="0.051" classname="com.abiquo.server.core.config.SystemPropertyDAOTest"/>
  <testcase name="test_findExistingById_preconditionIdMustNotBeNull" time="0.0" classname="com.abiquo.server.core.config.SystemPropertyDAOTest"/>
  <testcase name="test_isInReadWriteTransaction" time="0.0010" classname="com.abiquo.server.core.config.SystemPropertyDAOTest"/>
  <testcase name="test_isInReadWriteTransaction_preconditionEntityManagerIsOpen" time="0.0010" classname="com.abiquo.server.core.config.SystemPropertyDAOTest"/>
  <testcase name="test_isInRollbackTransaction" time="0.0" classname="com.abiquo.server.core.config.SystemPropertyDAOTest"/>
  <testcase name="test_isInRollbackTransaction_preconditionEntityManagerIsOpen" time="0.0010" classname="com.abiquo.server.core.config.SystemPropertyDAOTest"/>
  <testcase name="test_isInTransaction" time="0.0" classname="com.abiquo.server.core.config.SystemPropertyDAOTest"/>
  <testcase name="test_isInTransaction_preconditionEntityManagerIsOpen" time="0.0010" classname="com.abiquo.server.core.config.SystemPropertyDAOTest"/>
  <testcase name="test_isManaged" time="0.1" classname="com.abiquo.server.core.config.SystemPropertyDAOTest"/>
  <testcase name="test_isManaged_preconditionEntityManagerMustBeInTransaction" time="0.0010" classname="com.abiquo.server.core.config.SystemPropertyDAOTest"/>
  <testcase name="test_isManaged_preconditionEntityManagerMustBeOpen" time="0.0010" classname="com.abiquo.server.core.config.SystemPropertyDAOTest"/>
  <testcase name="test_isManaged_preconditionEntityMustNotBeNull" time="0.0040" classname="com.abiquo.server.core.config.SystemPropertyDAOTest"/>
  <testcase name="test_isOpen" time="0.0" classname="com.abiquo.server.core.config.SystemPropertyDAOTest"/>
  <testcase name="test_persist" time="0.046" classname="com.abiquo.server.core.config.SystemPropertyDAOTest"/>
  <testcase name="test_persist_preconditionEntityManagerMustBeInReadWriteTransaction" time="0.0010" classname="com.abiquo.server.core.config.SystemPropertyDAOTest"/>
  <testcase name="test_persist_preconditionEntityManagerMustBeOpen" time="0.0020" classname="com.abiquo.server.core.config.SystemPropertyDAOTest"/>
  <testcase name="test_persist_preconditionEntityMustNotBeManaged" time="0.0020" classname="com.abiquo.server.core.config.SystemPropertyDAOTest"/>
  <testcase name="test_persist_preconditionEntityMustNotBeNull" time="0.0010" classname="com.abiquo.server.core.config.SystemPropertyDAOTest"/>
  <testcase name="test_remove" time="0.099" classname="com.abiquo.server.core.config.SystemPropertyDAOTest"/>
  <testcase name="test_remove_preconditionEntityManagerMustBeInReadWriteTransaction" time="0.049" classname="com.abiquo.server.core.config.SystemPropertyDAOTest"/>
  <testcase name="test_remove_preconditionEntityManagerMustBeOpen" time="0.052" classname="com.abiquo.server.core.config.SystemPropertyDAOTest"/>
  <testcase name="test_remove_preconditionEntityMustBeManaged" time="0.051" classname="com.abiquo.server.core.config.SystemPropertyDAOTest"/>
  <testcase name="test_remove_preconditionEntityMustNotBeNull" time="0.0010" classname="com.abiquo.server.core.config.SystemPropertyDAOTest"/>
  <testcase name="test_remove_preconditionEntityMustNotBeRemoved" time="0.0020" classname="com.abiquo.server.core.config.SystemPropertyDAOTest"/>
  <testcase name="existsAnyOtherWithName" time="0.058" classname="com.abiquo.server.core.enterprise.EnterpriseDAOTest"/>
  <testcase name="existsAnyWithName" time="0.052" classname="com.abiquo.server.core.enterprise.EnterpriseDAOTest"/>
  <testcase name="test_concurrentModification" time="0.11" classname="com.abiquo.server.core.enterprise.EnterpriseDAOTest"/>
  <testcase name="test_toMakeCodeCoverageHappy_aboutDefaultDaoBase" time="0.052" classname="com.abiquo.server.core.enterprise.EnterpriseDAOTest"/>
  <testcase name="test_constructor_preconditionEntityManagerMustBeOpen" time="0.0010" classname="com.abiquo.server.core.enterprise.EnterpriseDAOTest"/>
  <testcase name="test_findAll" time="0.056" classname="com.abiquo.server.core.enterprise.EnterpriseDAOTest"/>
  <testcase name="test_findAll_preconditionEntityManagerMustBeInTransaction" time="0.0050" classname="com.abiquo.server.core.enterprise.EnterpriseDAOTest"/>
  <testcase name="test_findAll_preconditionEntityManagerMustBeOpen" time="0.0010" classname="com.abiquo.server.core.enterprise.EnterpriseDAOTest"/>
  <testcase name="test_findById" time="0.053" classname="com.abiquo.server.core.enterprise.EnterpriseDAOTest"/>
  <testcase name="test_findById_preconditionIdEntityManagerMustBeInTransaction" time="0.051" classname="com.abiquo.server.core.enterprise.EnterpriseDAOTest"/>
  <testcase name="test_findById_preconditionIdEntityManagerMustBeOpen" time="0.151" classname="com.abiquo.server.core.enterprise.EnterpriseDAOTest"/>
  <testcase name="test_findById_preconditionIdMustNotBeNull" time="0.0" classname="com.abiquo.server.core.enterprise.EnterpriseDAOTest"/>
  <testcase name="test_findExistingById" time="0.059" classname="com.abiquo.server.core.enterprise.EnterpriseDAOTest"/>
  <testcase name="test_findExistingById_preconditionIdEntityManagerMustBeInTransaction" time="0.05" classname="com.abiquo.server.core.enterprise.EnterpriseDAOTest"/>
  <testcase name="test_findExistingById_preconditionIdEntityManagerMustBeOpen" time="0.058" classname="com.abiquo.server.core.enterprise.EnterpriseDAOTest"/>
  <testcase name="test_findExistingById_preconditionIdMustNotBeNull" time="0.0010" classname="com.abiquo.server.core.enterprise.EnterpriseDAOTest"/>
  <testcase name="test_isInReadWriteTransaction" time="0.0" classname="com.abiquo.server.core.enterprise.EnterpriseDAOTest"/>
  <testcase name="test_isInReadWriteTransaction_preconditionEntityManagerIsOpen" time="0.0010" classname="com.abiquo.server.core.enterprise.EnterpriseDAOTest"/>
  <testcase name="test_isInRollbackTransaction" time="0.0010" classname="com.abiquo.server.core.enterprise.EnterpriseDAOTest"/>
  <testcase name="test_isInRollbackTransaction_preconditionEntityManagerIsOpen" time="0.0030" classname="com.abiquo.server.core.enterprise.EnterpriseDAOTest"/>
  <testcase name="test_isInTransaction" time="0.0" classname="com.abiquo.server.core.enterprise.EnterpriseDAOTest"/>
  <testcase name="test_isInTransaction_preconditionEntityManagerIsOpen" time="0.0070" classname="com.abiquo.server.core.enterprise.EnterpriseDAOTest"/>
  <testcase name="test_isManaged" time="0.101" classname="com.abiquo.server.core.enterprise.EnterpriseDAOTest"/>
  <testcase name="test_isManaged_preconditionEntityManagerMustBeInTransaction" time="0.0020" classname="com.abiquo.server.core.enterprise.EnterpriseDAOTest"/>
  <testcase name="test_isManaged_preconditionEntityManagerMustBeOpen" time="0.0010" classname="com.abiquo.server.core.enterprise.EnterpriseDAOTest"/>
  <testcase name="test_isManaged_preconditionEntityMustNotBeNull" time="0.0010" classname="com.abiquo.server.core.enterprise.EnterpriseDAOTest"/>
  <testcase name="test_isOpen" time="0.0" classname="com.abiquo.server.core.enterprise.EnterpriseDAOTest"/>
  <testcase name="test_persist" time="0.05" classname="com.abiquo.server.core.enterprise.EnterpriseDAOTest"/>
  <testcase name="test_persist_preconditionEntityManagerMustBeInReadWriteTransaction" time="0.0030" classname="com.abiquo.server.core.enterprise.EnterpriseDAOTest"/>
  <testcase name="test_persist_preconditionEntityManagerMustBeOpen" time="0.0010" classname="com.abiquo.server.core.enterprise.EnterpriseDAOTest"/>
  <testcase name="test_persist_preconditionEntityMustNotBeManaged" time="0.0040" classname="com.abiquo.server.core.enterprise.EnterpriseDAOTest"/>
  <testcase name="test_persist_preconditionEntityMustNotBeNull" time="0.0010" classname="com.abiquo.server.core.enterprise.EnterpriseDAOTest"/>
  <testcase name="test_remove" time="0.101" classname="com.abiquo.server.core.enterprise.EnterpriseDAOTest"/>
  <testcase name="test_remove_preconditionEntityManagerMustBeInReadWriteTransaction" time="0.056" classname="com.abiquo.server.core.enterprise.EnterpriseDAOTest"/>
  <testcase name="test_remove_preconditionEntityManagerMustBeOpen" time="0.05" classname="com.abiquo.server.core.enterprise.EnterpriseDAOTest"/>
  <testcase name="test_remove_preconditionEntityMustBeManaged" time="0.051" classname="com.abiquo.server.core.enterprise.EnterpriseDAOTest"/>
  <testcase name="test_remove_preconditionEntityMustNotBeNull" time="0.0010" classname="com.abiquo.server.core.enterprise.EnterpriseDAOTest"/>
  <testcase name="test_remove_preconditionEntityMustNotBeRemoved" time="0.0030" classname="com.abiquo.server.core.enterprise.EnterpriseDAOTest"/>
  <testcase name="deleteEnterpriseWithImagesAndConversions" time="0.134" classname="com.abiquo.server.core.enterprise.EnterpriseRepTest"/>
  <testcase name="test_existsAnyOtherWithName" time="0.061" classname="com.abiquo.server.core.enterprise.EnterpriseRepTest"/>
  <testcase name="test_existsAnyWithName" time="0.052" classname="com.abiquo.server.core.enterprise.EnterpriseRepTest"/>
  <testcase name="test_findById" time="0.051" classname="com.abiquo.server.core.enterprise.EnterpriseRepTest"/>
  <testcase name="test_findByNameAnywhere" time="0.055" classname="com.abiquo.server.core.enterprise.EnterpriseRepTest"/>
  <testcase name="test_insert" time="0.102" classname="com.abiquo.server.core.enterprise.EnterpriseRepTest"/>
  <testcase name="test_insert_checksDuplicatedName" time="0.052" classname="com.abiquo.server.core.enterprise.EnterpriseRepTest"/>
  <testcase name="test_update" time="0.101" classname="com.abiquo.server.core.enterprise.EnterpriseRepTest"/>
  <testcase name="test_update_checksDuplicatedName" time="0.054" classname="com.abiquo.server.core.enterprise.EnterpriseRepTest"/>
  <testcase name="test_findAllPrivileges" time="0.0060" classname="com.abiquo.server.core.enterprise.PrivilegeDAOTest"/>
  <testcase name="test_constructor_preconditionEntityManagerMustBeOpen" time="0.0010" classname="com.abiquo.server.core.enterprise.PrivilegeDAOTest"/>
  <testcase name="test_findAll" time="0.042" classname="com.abiquo.server.core.enterprise.PrivilegeDAOTest"/>
  <testcase name="test_findAll_preconditionEntityManagerMustBeInTransaction" time="0.0010" classname="com.abiquo.server.core.enterprise.PrivilegeDAOTest"/>
  <testcase name="test_findAll_preconditionEntityManagerMustBeOpen" time="0.0010" classname="com.abiquo.server.core.enterprise.PrivilegeDAOTest"/>
  <testcase name="test_findById" time="0.056" classname="com.abiquo.server.core.enterprise.PrivilegeDAOTest"/>
  <testcase name="test_findById_preconditionIdEntityManagerMustBeInTransaction" time="0.05" classname="com.abiquo.server.core.enterprise.PrivilegeDAOTest"/>
  <testcase name="test_findById_preconditionIdEntityManagerMustBeOpen" time="0.05" classname="com.abiquo.server.core.enterprise.PrivilegeDAOTest"/>
  <testcase name="test_findById_preconditionIdMustNotBeNull" time="0.0010" classname="com.abiquo.server.core.enterprise.PrivilegeDAOTest"/>
  <testcase name="test_findExistingById" time="0.049" classname="com.abiquo.server.core.enterprise.PrivilegeDAOTest"/>
  <testcase name="test_findExistingById_preconditionIdEntityManagerMustBeInTransaction" time="0.051" classname="com.abiquo.server.core.enterprise.PrivilegeDAOTest"/>
  <testcase name="test_findExistingById_preconditionIdEntityManagerMustBeOpen" time="0.043" classname="com.abiquo.server.core.enterprise.PrivilegeDAOTest"/>
  <testcase name="test_findExistingById_preconditionIdMustNotBeNull" time="0.0010" classname="com.abiquo.server.core.enterprise.PrivilegeDAOTest"/>
  <testcase name="test_isInReadWriteTransaction" time="0.0" classname="com.abiquo.server.core.enterprise.PrivilegeDAOTest"/>
  <testcase name="test_isInReadWriteTransaction_preconditionEntityManagerIsOpen" time="0.0" classname="com.abiquo.server.core.enterprise.PrivilegeDAOTest"/>
  <testcase name="test_isInRollbackTransaction" time="0.0010" classname="com.abiquo.server.core.enterprise.PrivilegeDAOTest"/>
  <testcase name="test_isInRollbackTransaction_preconditionEntityManagerIsOpen" time="0.0010" classname="com.abiquo.server.core.enterprise.PrivilegeDAOTest"/>
  <testcase name="test_isInTransaction" time="0.0010" classname="com.abiquo.server.core.enterprise.PrivilegeDAOTest"/>
  <testcase name="test_isInTransaction_preconditionEntityManagerIsOpen" time="0.0010" classname="com.abiquo.server.core.enterprise.PrivilegeDAOTest"/>
  <testcase name="test_isManaged" time="0.086" classname="com.abiquo.server.core.enterprise.PrivilegeDAOTest"/>
  <testcase name="test_isManaged_preconditionEntityManagerMustBeInTransaction" time="0.0010" classname="com.abiquo.server.core.enterprise.PrivilegeDAOTest"/>
  <testcase name="test_isManaged_preconditionEntityManagerMustBeOpen" time="0.0010" classname="com.abiquo.server.core.enterprise.PrivilegeDAOTest"/>
  <testcase name="test_isManaged_preconditionEntityMustNotBeNull" time="0.0010" classname="com.abiquo.server.core.enterprise.PrivilegeDAOTest"/>
  <testcase name="test_isOpen" time="0.0010" classname="com.abiquo.server.core.enterprise.PrivilegeDAOTest"/>
  <testcase name="test_persist" time="0.051" classname="com.abiquo.server.core.enterprise.PrivilegeDAOTest"/>
  <testcase name="test_persist_preconditionEntityManagerMustBeInReadWriteTransaction" time="0.0010" classname="com.abiquo.server.core.enterprise.PrivilegeDAOTest"/>
  <testcase name="test_persist_preconditionEntityManagerMustBeOpen" time="0.0030" classname="com.abiquo.server.core.enterprise.PrivilegeDAOTest"/>
  <testcase name="test_persist_preconditionEntityMustNotBeManaged" time="0.0010" classname="com.abiquo.server.core.enterprise.PrivilegeDAOTest"/>
  <testcase name="test_persist_preconditionEntityMustNotBeNull" time="0.0010" classname="com.abiquo.server.core.enterprise.PrivilegeDAOTest"/>
  <testcase name="test_remove" time="0.097" classname="com.abiquo.server.core.enterprise.PrivilegeDAOTest"/>
  <testcase name="test_remove_preconditionEntityManagerMustBeInReadWriteTransaction" time="0.049" classname="com.abiquo.server.core.enterprise.PrivilegeDAOTest"/>
  <testcase name="test_remove_preconditionEntityManagerMustBeOpen" time="0.051" classname="com.abiquo.server.core.enterprise.PrivilegeDAOTest"/>
  <testcase name="test_remove_preconditionEntityMustBeManaged" time="0.051" classname="com.abiquo.server.core.enterprise.PrivilegeDAOTest"/>
  <testcase name="test_remove_preconditionEntityMustNotBeNull" time="0.0010" classname="com.abiquo.server.core.enterprise.PrivilegeDAOTest"/>
  <testcase name="test_remove_preconditionEntityMustNotBeRemoved" time="0.0020" classname="com.abiquo.server.core.enterprise.PrivilegeDAOTest"/>
  <testcase name="findConnected" time="0.068" classname="com.abiquo.server.core.enterprise.UserDAOTest"/>
  <testcase name="test_constructor_preconditionEntityManagerMustBeOpen" time="0.0010" classname="com.abiquo.server.core.enterprise.UserDAOTest"/>
  <testcase name="test_findAll" time="0.061" classname="com.abiquo.server.core.enterprise.UserDAOTest"/>
  <testcase name="test_findAll_preconditionEntityManagerMustBeInTransaction" time="0.0010" classname="com.abiquo.server.core.enterprise.UserDAOTest"/>
  <testcase name="test_findAll_preconditionEntityManagerMustBeOpen" time="0.0010" classname="com.abiquo.server.core.enterprise.UserDAOTest"/>
  <testcase name="test_findById" time="0.057" classname="com.abiquo.server.core.enterprise.UserDAOTest"/>
  <testcase name="test_findById_preconditionIdEntityManagerMustBeInTransaction" time="0.059" classname="com.abiquo.server.core.enterprise.UserDAOTest"/>
  <testcase name="test_findById_preconditionIdEntityManagerMustBeOpen" time="0.06" classname="com.abiquo.server.core.enterprise.UserDAOTest"/>
  <testcase name="test_findById_preconditionIdMustNotBeNull" time="0.0" classname="com.abiquo.server.core.enterprise.UserDAOTest"/>
  <testcase name="test_findExistingById" time="0.048" classname="com.abiquo.server.core.enterprise.UserDAOTest"/>
  <testcase name="test_findExistingById_preconditionIdEntityManagerMustBeInTransaction" time="0.051" classname="com.abiquo.server.core.enterprise.UserDAOTest"/>
  <testcase name="test_findExistingById_preconditionIdEntityManagerMustBeOpen" time="0.05" classname="com.abiquo.server.core.enterprise.UserDAOTest"/>
  <testcase name="test_findExistingById_preconditionIdMustNotBeNull" time="0.0010" classname="com.abiquo.server.core.enterprise.UserDAOTest"/>
  <testcase name="test_isInReadWriteTransaction" time="0.0" classname="com.abiquo.server.core.enterprise.UserDAOTest"/>
  <testcase name="test_isInReadWriteTransaction_preconditionEntityManagerIsOpen" time="0.0010" classname="com.abiquo.server.core.enterprise.UserDAOTest"/>
  <testcase name="test_isInRollbackTransaction" time="0.0010" classname="com.abiquo.server.core.enterprise.UserDAOTest"/>
  <testcase name="test_isInRollbackTransaction_preconditionEntityManagerIsOpen" time="0.0010" classname="com.abiquo.server.core.enterprise.UserDAOTest"/>
  <testcase name="test_isInTransaction" time="0.0010" classname="com.abiquo.server.core.enterprise.UserDAOTest"/>
  <testcase name="test_isInTransaction_preconditionEntityManagerIsOpen" time="0.0010" classname="com.abiquo.server.core.enterprise.UserDAOTest"/>
  <testcase name="test_isManaged" time="0.109" classname="com.abiquo.server.core.enterprise.UserDAOTest"/>
  <testcase name="test_isManaged_preconditionEntityManagerMustBeInTransaction" time="0.0010" classname="com.abiquo.server.core.enterprise.UserDAOTest"/>
  <testcase name="test_isManaged_preconditionEntityManagerMustBeOpen" time="0.049" classname="com.abiquo.server.core.enterprise.UserDAOTest"/>
  <testcase name="test_isManaged_preconditionEntityMustNotBeNull" time="0.0010" classname="com.abiquo.server.core.enterprise.UserDAOTest"/>
  <testcase name="test_isOpen" time="0.0010" classname="com.abiquo.server.core.enterprise.UserDAOTest"/>
  <testcase name="test_persist" time="0.057" classname="com.abiquo.server.core.enterprise.UserDAOTest"/>
  <testcase name="test_persist_preconditionEntityManagerMustBeInReadWriteTransaction" time="0.0060" classname="com.abiquo.server.core.enterprise.UserDAOTest"/>
  <testcase name="test_persist_preconditionEntityManagerMustBeOpen" time="0.0030" classname="com.abiquo.server.core.enterprise.UserDAOTest"/>
  <testcase name="test_persist_preconditionEntityMustNotBeManaged" time="0.0060" classname="com.abiquo.server.core.enterprise.UserDAOTest"/>
  <testcase name="test_persist_preconditionEntityMustNotBeNull" time="0.0010" classname="com.abiquo.server.core.enterprise.UserDAOTest"/>
  <testcase name="test_remove" time="0.102" classname="com.abiquo.server.core.enterprise.UserDAOTest"/>
  <testcase name="test_remove_preconditionEntityManagerMustBeInReadWriteTransaction" time="0.052" classname="com.abiquo.server.core.enterprise.UserDAOTest"/>
  <testcase name="test_remove_preconditionEntityManagerMustBeOpen" time="0.051" classname="com.abiquo.server.core.enterprise.UserDAOTest"/>
  <testcase name="test_remove_preconditionEntityMustBeManaged" time="0.051" classname="com.abiquo.server.core.enterprise.UserDAOTest"/>
  <testcase name="test_remove_preconditionEntityMustNotBeNull" time="0.0010" classname="com.abiquo.server.core.enterprise.UserDAOTest"/>
  <testcase name="test_remove_preconditionEntityMustNotBeRemoved" time="0.0040" classname="com.abiquo.server.core.enterprise.UserDAOTest"/>
  <testcase name="test_datacenterDeletionDeletesRack" time="0.095" classname="com.abiquo.server.core.infrastructure.DatacenterDAOTest"/>
  <testcase name="test_existsAnyOtherWithName" time="0.061" classname="com.abiquo.server.core.infrastructure.DatacenterDAOTest"/>
  <testcase name="test_existsAnyWithName" time="0.05" classname="com.abiquo.server.core.infrastructure.DatacenterDAOTest"/>
  <testcase name="test_constructor_preconditionEntityManagerMustBeOpen" time="0.0010" classname="com.abiquo.server.core.infrastructure.DatacenterDAOTest"/>
  <testcase name="test_findAll" time="0.055" classname="com.abiquo.server.core.infrastructure.DatacenterDAOTest"/>
  <testcase name="test_findAll_preconditionEntityManagerMustBeInTransaction" time="0.0010" classname="com.abiquo.server.core.infrastructure.DatacenterDAOTest"/>
  <testcase name="test_findAll_preconditionEntityManagerMustBeOpen" time="0.0010" classname="com.abiquo.server.core.infrastructure.DatacenterDAOTest"/>
  <testcase name="test_findById" time="0.057" classname="com.abiquo.server.core.infrastructure.DatacenterDAOTest"/>
  <testcase name="test_findById_preconditionIdEntityManagerMustBeInTransaction" time="0.051" classname="com.abiquo.server.core.infrastructure.DatacenterDAOTest"/>
  <testcase name="test_findById_preconditionIdEntityManagerMustBeOpen" time="0.05" classname="com.abiquo.server.core.infrastructure.DatacenterDAOTest"/>
  <testcase name="test_findById_preconditionIdMustNotBeNull" time="0.0010" classname="com.abiquo.server.core.infrastructure.DatacenterDAOTest"/>
  <testcase name="test_findExistingById" time="0.062" classname="com.abiquo.server.core.infrastructure.DatacenterDAOTest"/>
  <testcase name="test_findExistingById_preconditionIdEntityManagerMustBeInTransaction" time="0.05" classname="com.abiquo.server.core.infrastructure.DatacenterDAOTest"/>
  <testcase name="test_findExistingById_preconditionIdEntityManagerMustBeOpen" time="0.051" classname="com.abiquo.server.core.infrastructure.DatacenterDAOTest"/>
  <testcase name="test_findExistingById_preconditionIdMustNotBeNull" time="0.0" classname="com.abiquo.server.core.infrastructure.DatacenterDAOTest"/>
  <testcase name="test_isInReadWriteTransaction" time="0.0" classname="com.abiquo.server.core.infrastructure.DatacenterDAOTest"/>
  <testcase name="test_isInReadWriteTransaction_preconditionEntityManagerIsOpen" time="0.0" classname="com.abiquo.server.core.infrastructure.DatacenterDAOTest"/>
  <testcase name="test_isInRollbackTransaction" time="0.0" classname="com.abiquo.server.core.infrastructure.DatacenterDAOTest"/>
  <testcase name="test_isInRollbackTransaction_preconditionEntityManagerIsOpen" time="0.0" classname="com.abiquo.server.core.infrastructure.DatacenterDAOTest"/>
  <testcase name="test_isInTransaction" time="0.0010" classname="com.abiquo.server.core.infrastructure.DatacenterDAOTest"/>
  <testcase name="test_isInTransaction_preconditionEntityManagerIsOpen" time="0.0" classname="com.abiquo.server.core.infrastructure.DatacenterDAOTest"/>
  <testcase name="test_isManaged" time="0.099" classname="com.abiquo.server.core.infrastructure.DatacenterDAOTest"/>
  <testcase name="test_isManaged_preconditionEntityManagerMustBeInTransaction" time="0.0010" classname="com.abiquo.server.core.infrastructure.DatacenterDAOTest"/>
  <testcase name="test_isManaged_preconditionEntityManagerMustBeOpen" time="0.053" classname="com.abiquo.server.core.infrastructure.DatacenterDAOTest"/>
  <testcase name="test_isManaged_preconditionEntityMustNotBeNull" time="0.0010" classname="com.abiquo.server.core.infrastructure.DatacenterDAOTest"/>
  <testcase name="test_isOpen" time="0.0" classname="com.abiquo.server.core.infrastructure.DatacenterDAOTest"/>
  <testcase name="test_persist" time="0.046" classname="com.abiquo.server.core.infrastructure.DatacenterDAOTest"/>
  <testcase name="test_persist_preconditionEntityManagerMustBeInReadWriteTransaction" time="0.0010" classname="com.abiquo.server.core.infrastructure.DatacenterDAOTest"/>
  <testcase name="test_persist_preconditionEntityManagerMustBeOpen" time="0.0010" classname="com.abiquo.server.core.infrastructure.DatacenterDAOTest"/>
  <testcase name="test_persist_preconditionEntityMustNotBeManaged" time="0.0020" classname="com.abiquo.server.core.infrastructure.DatacenterDAOTest"/>
  <testcase name="test_persist_preconditionEntityMustNotBeNull" time="0.0010" classname="com.abiquo.server.core.infrastructure.DatacenterDAOTest"/>
  <testcase name="test_remove" time="0.105" classname="com.abiquo.server.core.infrastructure.DatacenterDAOTest"/>
  <testcase name="test_remove_preconditionEntityManagerMustBeInReadWriteTransaction" time="0.053" classname="com.abiquo.server.core.infrastructure.DatacenterDAOTest"/>
  <testcase name="test_remove_preconditionEntityManagerMustBeOpen" time="0.05" classname="com.abiquo.server.core.infrastructure.DatacenterDAOTest"/>
  <testcase name="test_remove_preconditionEntityMustBeManaged" time="0.05" classname="com.abiquo.server.core.infrastructure.DatacenterDAOTest"/>
  <testcase name="test_remove_preconditionEntityMustNotBeNull" time="0.0010" classname="com.abiquo.server.core.infrastructure.DatacenterDAOTest"/>
  <testcase name="test_remove_preconditionEntityMustNotBeRemoved" time="0.0020" classname="com.abiquo.server.core.infrastructure.DatacenterDAOTest"/>
  <testcase name="createDatastoreWithMachine" time="0.131" classname="com.abiquo.server.core.infrastructure.DatacenterRepTest"/>
  <testcase name="createHypervisor" time="0.11" classname="com.abiquo.server.core.infrastructure.DatacenterRepTest"/>
  <testcase name="createOrUpdateDatastoreWithDuplicatedDirectory" time="0.136" classname="com.abiquo.server.core.infrastructure.DatacenterRepTest"/>
  <testcase name="createOrUpdateDatastoreWithDuplicatedName" time="0.152" classname="com.abiquo.server.core.infrastructure.DatacenterRepTest"/>
  <testcase name="findDatastoreById" time="0.051" classname="com.abiquo.server.core.infrastructure.DatacenterRepTest"/>
  <testcase name="test_delete" time="0.0010" classname="com.abiquo.server.core.infrastructure.DatacenterRepTest"/>
  <testcase name="test_deleteMachine" time="0.0" classname="com.abiquo.server.core.infrastructure.DatacenterRepTest"/>
  <testcase name="test_deleteRack" time="0.0010" classname="com.abiquo.server.core.infrastructure.DatacenterRepTest"/>
  <testcase name="test_existsAnyMachineWithName" time="0.058" classname="com.abiquo.server.core.infrastructure.DatacenterRepTest"/>
  <testcase name="test_existsAnyOtherMachineWithName" time="0.062" classname="com.abiquo.server.core.infrastructure.DatacenterRepTest"/>
  <testcase name="test_existsAnyOtherRackWithName" time="0.053" classname="com.abiquo.server.core.infrastructure.DatacenterRepTest"/>
  <testcase name="test_existsAnyOtherWithName" time="0.057" classname="com.abiquo.server.core.infrastructure.DatacenterRepTest"/>
  <testcase name="test_existsAnyRackWithName" time="0.054" classname="com.abiquo.server.core.infrastructure.DatacenterRepTest"/>
  <testcase name="test_existsAnyWithName" time="0.066" classname="com.abiquo.server.core.infrastructure.DatacenterRepTest"/>
  <testcase name="test_findAllDatacenters" time="0.11" classname="com.abiquo.server.core.infrastructure.DatacenterRepTest"/>
  <testcase name="test_findDatacenterById" time="0.051" classname="com.abiquo.server.core.infrastructure.DatacenterRepTest"/>
  <testcase name="test_findMachineById" time="0.06" classname="com.abiquo.server.core.infrastructure.DatacenterRepTest"/>
  <testcase name="test_findMachines" time="0.055" classname="com.abiquo.server.core.infrastructure.DatacenterRepTest"/>
  <testcase name="test_findRackById" time="0.051" classname="com.abiquo.server.core.infrastructure.DatacenterRepTest"/>
  <testcase name="test_findRackMachines" time="0.105" classname="com.abiquo.server.core.infrastructure.DatacenterRepTest"/>
  <testcase name="test_findRacks" time="0.062" classname="com.abiquo.server.core.infrastructure.DatacenterRepTest"/>
  <testcase name="test_insert" time="0.051" classname="com.abiquo.server.core.infrastructure.DatacenterRepTest"/>
  <testcase name="test_insertMachine" time="0.053" classname="com.abiquo.server.core.infrastructure.DatacenterRepTest"/>
  <testcase name="test_insertMachine_withDuplicatedName" time="0.044" classname="com.abiquo.server.core.infrastructure.DatacenterRepTest"/>
  <testcase name="test_insertRack" time="0.053" classname="com.abiquo.server.core.infrastructure.DatacenterRepTest"/>
  <testcase name="test_insertRack_withDuplicatedName" time="0.052" classname="com.abiquo.server.core.infrastructure.DatacenterRepTest"/>
  <testcase name="test_insert_withDuplicatedName" time="0.052" classname="com.abiquo.server.core.infrastructure.DatacenterRepTest"/>
  <testcase name="test_update" time="0.101" classname="com.abiquo.server.core.infrastructure.DatacenterRepTest"/>
  <testcase name="test_updateMachine" time="0.102" classname="com.abiquo.server.core.infrastructure.DatacenterRepTest"/>
  <testcase name="test_updateMachine_withDuplicatedName" time="0.053" classname="com.abiquo.server.core.infrastructure.DatacenterRepTest"/>
  <testcase name="test_updateRack" time="0.101" classname="com.abiquo.server.core.infrastructure.DatacenterRepTest"/>
  <testcase name="test_updateRack_withDuplicatedName" time="0.053" classname="com.abiquo.server.core.infrastructure.DatacenterRepTest"/>
  <testcase name="test_update_withDuplicatedName" time="0.052" classname="com.abiquo.server.core.infrastructure.DatacenterRepTest"/>
  <testcase name="updateDatastoreWithMachine" time="0.15" classname="com.abiquo.server.core.infrastructure.DatacenterRepTest"/>
  <testcase name="findMachineDatastores" time="0.054" classname="com.abiquo.server.core.infrastructure.DatastoreDAOTest"/>
  <testcase name="test_existsAnyOtherWithDirectory" time="0.053" classname="com.abiquo.server.core.infrastructure.DatastoreDAOTest"/>
  <testcase name="test_existsAnyOtherWithName" time="0.052" classname="com.abiquo.server.core.infrastructure.DatastoreDAOTest"/>
  <testcase name="test_existsAnyWithDirectory" time="0.051" classname="com.abiquo.server.core.infrastructure.DatastoreDAOTest"/>
  <testcase name="test_existsAnyWithName" time="0.05" classname="com.abiquo.server.core.infrastructure.DatastoreDAOTest"/>
  <testcase name="test_isManaged" time="0.0" classname="com.abiquo.server.core.infrastructure.DatastoreDAOTest"/>
  <testcase name="test_isManaged_preconditionEntityManagerMustBeOpen" time="0.0" classname="com.abiquo.server.core.infrastructure.DatastoreDAOTest"/>
  <testcase name="test_remove" time="0.0010" classname="com.abiquo.server.core.infrastructure.DatastoreDAOTest"/>
  <testcase name="test_constructor_preconditionEntityManagerMustBeOpen" time="0.0" classname="com.abiquo.server.core.infrastructure.DatastoreDAOTest"/>
  <testcase name="test_findAll" time="0.062" classname="com.abiquo.server.core.infrastructure.DatastoreDAOTest"/>
  <testcase name="test_findAll_preconditionEntityManagerMustBeInTransaction" time="0.0010" classname="com.abiquo.server.core.infrastructure.DatastoreDAOTest"/>
  <testcase name="test_findAll_preconditionEntityManagerMustBeOpen" time="0.0" classname="com.abiquo.server.core.infrastructure.DatastoreDAOTest"/>
  <testcase name="test_findById" time="0.06" classname="com.abiquo.server.core.infrastructure.DatastoreDAOTest"/>
  <testcase name="test_findById_preconditionIdEntityManagerMustBeInTransaction" time="0.05" classname="com.abiquo.server.core.infrastructure.DatastoreDAOTest"/>
  <testcase name="test_findById_preconditionIdEntityManagerMustBeOpen" time="0.043" classname="com.abiquo.server.core.infrastructure.DatastoreDAOTest"/>
  <testcase name="test_findById_preconditionIdMustNotBeNull" time="0.0010" classname="com.abiquo.server.core.infrastructure.DatastoreDAOTest"/>
  <testcase name="test_findExistingById" time="0.052" classname="com.abiquo.server.core.infrastructure.DatastoreDAOTest"/>
  <testcase name="test_findExistingById_preconditionIdEntityManagerMustBeInTransaction" time="0.051" classname="com.abiquo.server.core.infrastructure.DatastoreDAOTest"/>
  <testcase name="test_findExistingById_preconditionIdEntityManagerMustBeOpen" time="0.051" classname="com.abiquo.server.core.infrastructure.DatastoreDAOTest"/>
  <testcase name="test_findExistingById_preconditionIdMustNotBeNull" time="0.0010" classname="com.abiquo.server.core.infrastructure.DatastoreDAOTest"/>
  <testcase name="test_isInReadWriteTransaction" time="0.0" classname="com.abiquo.server.core.infrastructure.DatastoreDAOTest"/>
  <testcase name="test_isInReadWriteTransaction_preconditionEntityManagerIsOpen" time="0.0" classname="com.abiquo.server.core.infrastructure.DatastoreDAOTest"/>
  <testcase name="test_isInRollbackTransaction" time="0.0" classname="com.abiquo.server.core.infrastructure.DatastoreDAOTest"/>
  <testcase name="test_isInRollbackTransaction_preconditionEntityManagerIsOpen" time="0.0010" classname="com.abiquo.server.core.infrastructure.DatastoreDAOTest"/>
  <testcase name="test_isInTransaction" time="0.0" classname="com.abiquo.server.core.infrastructure.DatastoreDAOTest"/>
  <testcase name="test_isInTransaction_preconditionEntityManagerIsOpen" time="0.0" classname="com.abiquo.server.core.infrastructure.DatastoreDAOTest"/>
  <testcase name="test_isManaged_preconditionEntityManagerMustBeInTransaction" time="0.0010" classname="com.abiquo.server.core.infrastructure.DatastoreDAOTest"/>
  <testcase name="test_isManaged_preconditionEntityMustNotBeNull" time="0.0010" classname="com.abiquo.server.core.infrastructure.DatastoreDAOTest"/>
  <testcase name="test_isOpen" time="0.0" classname="com.abiquo.server.core.infrastructure.DatastoreDAOTest"/>
  <testcase name="test_persist" time="0.056" classname="com.abiquo.server.core.infrastructure.DatastoreDAOTest"/>
  <testcase name="test_persist_preconditionEntityManagerMustBeInReadWriteTransaction" time="0.0020" classname="com.abiquo.server.core.infrastructure.DatastoreDAOTest"/>
  <testcase name="test_persist_preconditionEntityManagerMustBeOpen" time="0.0030" classname="com.abiquo.server.core.infrastructure.DatastoreDAOTest"/>
  <testcase name="test_persist_preconditionEntityMustNotBeManaged" time="0.0070" classname="com.abiquo.server.core.infrastructure.DatastoreDAOTest"/>
  <testcase name="test_persist_preconditionEntityMustNotBeNull" time="0.0010" classname="com.abiquo.server.core.infrastructure.DatastoreDAOTest"/>
  <testcase name="test_remove_preconditionEntityManagerMustBeInReadWriteTransaction" time="0.059" classname="com.abiquo.server.core.infrastructure.DatastoreDAOTest"/>
  <testcase name="test_remove_preconditionEntityManagerMustBeOpen" time="0.051" classname="com.abiquo.server.core.infrastructure.DatastoreDAOTest"/>
  <testcase name="test_remove_preconditionEntityMustBeManaged" time="0.051" classname="com.abiquo.server.core.infrastructure.DatastoreDAOTest"/>
  <testcase name="test_remove_preconditionEntityMustNotBeNull" time="0.0010" classname="com.abiquo.server.core.infrastructure.DatastoreDAOTest"/>
  <testcase name="test_remove_preconditionEntityMustNotBeRemoved" time="0.0030" classname="com.abiquo.server.core.infrastructure.DatastoreDAOTest"/>
  <testcase name="test_concurrenUpdate" time="0.155" classname="com.abiquo.server.core.infrastructure.MachineDAOTest"/>
  <testcase name="test_concurrentDeletion" time="0.102" classname="com.abiquo.server.core.infrastructure.MachineDAOTest"/>
  <testcase name="test_deleteRackMachines" time="0.17" classname="com.abiquo.server.core.infrastructure.MachineDAOTest"/>
  <testcase name="test_existsAnyOtherWithDatacenterAndName" time="0.091" classname="com.abiquo.server.core.infrastructure.MachineDAOTest"/>
  <testcase name="test_existsAnyWithDatacenterAndName" time="0.052" classname="com.abiquo.server.core.infrastructure.MachineDAOTest"/>
  <testcase name="test_findMachines" time="0.054" classname="com.abiquo.server.core.infrastructure.MachineDAOTest"/>
  <testcase name="test_findRackMachines" time="0.058" classname="com.abiquo.server.core.infrastructure.MachineDAOTest"/>
  <testcase name="test_constructor_preconditionEntityManagerMustBeOpen" time="0.0010" classname="com.abiquo.server.core.infrastructure.MachineDAOTest"/>
  <testcase name="test_findAll" time="0.065" classname="com.abiquo.server.core.infrastructure.MachineDAOTest"/>
  <testcase name="test_findAll_preconditionEntityManagerMustBeInTransaction" time="0.0010" classname="com.abiquo.server.core.infrastructure.MachineDAOTest"/>
  <testcase name="test_findAll_preconditionEntityManagerMustBeOpen" time="0.0010" classname="com.abiquo.server.core.infrastructure.MachineDAOTest"/>
  <testcase name="test_findById" time="0.053" classname="com.abiquo.server.core.infrastructure.MachineDAOTest"/>
  <testcase name="test_findById_preconditionIdEntityManagerMustBeInTransaction" time="0.051" classname="com.abiquo.server.core.infrastructure.MachineDAOTest"/>
  <testcase name="test_findById_preconditionIdEntityManagerMustBeOpen" time="0.051" classname="com.abiquo.server.core.infrastructure.MachineDAOTest"/>
  <testcase name="test_findById_preconditionIdMustNotBeNull" time="0.0010" classname="com.abiquo.server.core.infrastructure.MachineDAOTest"/>
  <testcase name="test_findExistingById" time="0.053" classname="com.abiquo.server.core.infrastructure.MachineDAOTest"/>
  <testcase name="test_findExistingById_preconditionIdEntityManagerMustBeInTransaction" time="0.043" classname="com.abiquo.server.core.infrastructure.MachineDAOTest"/>
  <testcase name="test_findExistingById_preconditionIdEntityManagerMustBeOpen" time="0.051" classname="com.abiquo.server.core.infrastructure.MachineDAOTest"/>
  <testcase name="test_findExistingById_preconditionIdMustNotBeNull" time="0.0040" classname="com.abiquo.server.core.infrastructure.MachineDAOTest"/>
  <testcase name="test_isInReadWriteTransaction" time="0.0" classname="com.abiquo.server.core.infrastructure.MachineDAOTest"/>
  <testcase name="test_isInReadWriteTransaction_preconditionEntityManagerIsOpen" time="0.0010" classname="com.abiquo.server.core.infrastructure.MachineDAOTest"/>
  <testcase name="test_isInRollbackTransaction" time="0.0010" classname="com.abiquo.server.core.infrastructure.MachineDAOTest"/>
  <testcase name="test_isInRollbackTransaction_preconditionEntityManagerIsOpen" time="0.0010" classname="com.abiquo.server.core.infrastructure.MachineDAOTest"/>
  <testcase name="test_isInTransaction" time="0.0010" classname="com.abiquo.server.core.infrastructure.MachineDAOTest"/>
  <testcase name="test_isInTransaction_preconditionEntityManagerIsOpen" time="0.0" classname="com.abiquo.server.core.infrastructure.MachineDAOTest"/>
  <testcase name="test_isManaged" time="0.097" classname="com.abiquo.server.core.infrastructure.MachineDAOTest"/>
  <testcase name="test_isManaged_preconditionEntityManagerMustBeInTransaction" time="0.0010" classname="com.abiquo.server.core.infrastructure.MachineDAOTest"/>
  <testcase name="test_isManaged_preconditionEntityManagerMustBeOpen" time="0.049" classname="com.abiquo.server.core.infrastructure.MachineDAOTest"/>
  <testcase name="test_isManaged_preconditionEntityMustNotBeNull" time="0.0010" classname="com.abiquo.server.core.infrastructure.MachineDAOTest"/>
  <testcase name="test_isOpen" time="0.0" classname="com.abiquo.server.core.infrastructure.MachineDAOTest"/>
  <testcase name="test_persist" time="0.05" classname="com.abiquo.server.core.infrastructure.MachineDAOTest"/>
  <testcase name="test_persist_preconditionEntityManagerMustBeInReadWriteTransaction" time="0.0010" classname="com.abiquo.server.core.infrastructure.MachineDAOTest"/>
  <testcase name="test_persist_preconditionEntityManagerMustBeOpen" time="0.0010" classname="com.abiquo.server.core.infrastructure.MachineDAOTest"/>
  <testcase name="test_persist_preconditionEntityMustNotBeManaged" time="0.0020" classname="com.abiquo.server.core.infrastructure.MachineDAOTest"/>
  <testcase name="test_persist_preconditionEntityMustNotBeNull" time="0.0010" classname="com.abiquo.server.core.infrastructure.MachineDAOTest"/>
  <testcase name="test_remove" time="0.102" classname="com.abiquo.server.core.infrastructure.MachineDAOTest"/>
  <testcase name="test_remove_preconditionEntityManagerMustBeInReadWriteTransaction" time="0.051" classname="com.abiquo.server.core.infrastructure.MachineDAOTest"/>
  <testcase name="test_remove_preconditionEntityManagerMustBeOpen" time="0.051" classname="com.abiquo.server.core.infrastructure.MachineDAOTest"/>
  <testcase name="test_remove_preconditionEntityMustBeManaged" time="0.05" classname="com.abiquo.server.core.infrastructure.MachineDAOTest"/>
  <testcase name="test_remove_preconditionEntityMustNotBeNull" time="0.0010" classname="com.abiquo.server.core.infrastructure.MachineDAOTest"/>
  <testcase name="test_remove_preconditionEntityMustNotBeRemoved" time="0.0040" classname="com.abiquo.server.core.infrastructure.MachineDAOTest"/>
  <testcase name="test_existsAnyOtherWithDatacenterAndName" time="0.056" classname="com.abiquo.server.core.infrastructure.RackDAOTest"/>
  <testcase name="test_existsAnyWithDatacenterAndName" time="0.045" classname="com.abiquo.server.core.infrastructure.RackDAOTest"/>
  <testcase name="test_findRacks" time="0.053" classname="com.abiquo.server.core.infrastructure.RackDAOTest"/>
  <testcase name="test_constructor_preconditionEntityManagerMustBeOpen" time="0.0" classname="com.abiquo.server.core.infrastructure.RackDAOTest"/>
  <testcase name="test_findAll" time="0.046" classname="com.abiquo.server.core.infrastructure.RackDAOTest"/>
  <testcase name="test_findAll_preconditionEntityManagerMustBeInTransaction" time="0.0010" classname="com.abiquo.server.core.infrastructure.RackDAOTest"/>
  <testcase name="test_findAll_preconditionEntityManagerMustBeOpen" time="0.0010" classname="com.abiquo.server.core.infrastructure.RackDAOTest"/>
  <testcase name="test_findById" time="0.052" classname="com.abiquo.server.core.infrastructure.RackDAOTest"/>
  <testcase name="test_findById_preconditionIdEntityManagerMustBeInTransaction" time="0.05" classname="com.abiquo.server.core.infrastructure.RackDAOTest"/>
  <testcase name="test_findById_preconditionIdEntityManagerMustBeOpen" time="0.051" classname="com.abiquo.server.core.infrastructure.RackDAOTest"/>
  <testcase name="test_findById_preconditionIdMustNotBeNull" time="0.0010" classname="com.abiquo.server.core.infrastructure.RackDAOTest"/>
  <testcase name="test_findExistingById" time="0.051" classname="com.abiquo.server.core.infrastructure.RackDAOTest"/>
  <testcase name="test_findExistingById_preconditionIdEntityManagerMustBeInTransaction" time="0.05" classname="com.abiquo.server.core.infrastructure.RackDAOTest"/>
  <testcase name="test_findExistingById_preconditionIdEntityManagerMustBeOpen" time="0.05" classname="com.abiquo.server.core.infrastructure.RackDAOTest"/>
  <testcase name="test_findExistingById_preconditionIdMustNotBeNull" time="0.0010" classname="com.abiquo.server.core.infrastructure.RackDAOTest"/>
  <testcase name="test_isInReadWriteTransaction" time="0.0010" classname="com.abiquo.server.core.infrastructure.RackDAOTest"/>
  <testcase name="test_isInReadWriteTransaction_preconditionEntityManagerIsOpen" time="0.0010" classname="com.abiquo.server.core.infrastructure.RackDAOTest"/>
  <testcase name="test_isInRollbackTransaction" time="0.0" classname="com.abiquo.server.core.infrastructure.RackDAOTest"/>
  <testcase name="test_isInRollbackTransaction_preconditionEntityManagerIsOpen" time="0.0020" classname="com.abiquo.server.core.infrastructure.RackDAOTest"/>
  <testcase name="test_isInTransaction" time="0.0010" classname="com.abiquo.server.core.infrastructure.RackDAOTest"/>
  <testcase name="test_isInTransaction_preconditionEntityManagerIsOpen" time="0.0010" classname="com.abiquo.server.core.infrastructure.RackDAOTest"/>
  <testcase name="test_isManaged" time="0.104" classname="com.abiquo.server.core.infrastructure.RackDAOTest"/>
  <testcase name="test_isManaged_preconditionEntityManagerMustBeInTransaction" time="0.0010" classname="com.abiquo.server.core.infrastructure.RackDAOTest"/>
  <testcase name="test_isManaged_preconditionEntityManagerMustBeOpen" time="0.059" classname="com.abiquo.server.core.infrastructure.RackDAOTest"/>
  <testcase name="test_isManaged_preconditionEntityMustNotBeNull" time="0.0010" classname="com.abiquo.server.core.infrastructure.RackDAOTest"/>
  <testcase name="test_isOpen" time="0.0010" classname="com.abiquo.server.core.infrastructure.RackDAOTest"/>
  <testcase name="test_persist" time="0.046" classname="com.abiquo.server.core.infrastructure.RackDAOTest"/>
  <testcase name="test_persist_preconditionEntityManagerMustBeInReadWriteTransaction" time="0.0010" classname="com.abiquo.server.core.infrastructure.RackDAOTest"/>
  <testcase name="test_persist_preconditionEntityManagerMustBeOpen" time="0.0010" classname="com.abiquo.server.core.infrastructure.RackDAOTest"/>
  <testcase name="test_persist_preconditionEntityMustNotBeManaged" time="0.0010" classname="com.abiquo.server.core.infrastructure.RackDAOTest"/>
  <testcase name="test_persist_preconditionEntityMustNotBeNull" time="0.0010" classname="com.abiquo.server.core.infrastructure.RackDAOTest"/>
  <testcase name="test_remove" time="0.096" classname="com.abiquo.server.core.infrastructure.RackDAOTest"/>
  <testcase name="test_remove_preconditionEntityManagerMustBeInReadWriteTransaction" time="0.051" classname="com.abiquo.server.core.infrastructure.RackDAOTest"/>
  <testcase name="test_remove_preconditionEntityManagerMustBeOpen" time="0.051" classname="com.abiquo.server.core.infrastructure.RackDAOTest"/>
  <testcase name="test_remove_preconditionEntityMustBeManaged" time="0.051" classname="com.abiquo.server.core.infrastructure.RackDAOTest"/>
  <testcase name="test_remove_preconditionEntityMustNotBeNull" time="0.0010" classname="com.abiquo.server.core.infrastructure.RackDAOTest"/>
  <testcase name="test_remove_preconditionEntityMustNotBeRemoved" time="0.0020" classname="com.abiquo.server.core.infrastructure.RackDAOTest"/>
  <testcase name="testFindVLANNetworksByDatacenter" time="0.078" classname="com.abiquo.server.core.infrastructure.network.VLANNetworkDAOTest"/>
  <testcase name="testFindZeroVLANNetworksByDatacenter" time="0.061" classname="com.abiquo.server.core.infrastructure.network.VLANNetworkDAOTest"/>
  <testcase name="test_constructor_preconditionEntityManagerMustBeOpen" time="0.0010" classname="com.abiquo.server.core.infrastructure.network.VLANNetworkDAOTest"/>
  <testcase name="test_findAll" time="0.194" classname="com.abiquo.server.core.infrastructure.network.VLANNetworkDAOTest"/>
  <testcase name="test_findAll_preconditionEntityManagerMustBeInTransaction" time="0.0010" classname="com.abiquo.server.core.infrastructure.network.VLANNetworkDAOTest"/>
  <testcase name="test_findAll_preconditionEntityManagerMustBeOpen" time="0.0010" classname="com.abiquo.server.core.infrastructure.network.VLANNetworkDAOTest"/>
  <testcase name="test_findById" time="0.087" classname="com.abiquo.server.core.infrastructure.network.VLANNetworkDAOTest"/>
  <testcase name="test_findById_preconditionIdEntityManagerMustBeInTransaction" time="0.051" classname="com.abiquo.server.core.infrastructure.network.VLANNetworkDAOTest"/>
  <testcase name="test_findById_preconditionIdEntityManagerMustBeOpen" time="0.051" classname="com.abiquo.server.core.infrastructure.network.VLANNetworkDAOTest"/>
  <testcase name="test_findById_preconditionIdMustNotBeNull" time="0.0010" classname="com.abiquo.server.core.infrastructure.network.VLANNetworkDAOTest"/>
  <testcase name="test_findExistingById" time="0.052" classname="com.abiquo.server.core.infrastructure.network.VLANNetworkDAOTest"/>
  <testcase name="test_findExistingById_preconditionIdEntityManagerMustBeInTransaction" time="0.051" classname="com.abiquo.server.core.infrastructure.network.VLANNetworkDAOTest"/>
  <testcase name="test_findExistingById_preconditionIdEntityManagerMustBeOpen" time="0.051" classname="com.abiquo.server.core.infrastructure.network.VLANNetworkDAOTest"/>
  <testcase name="test_findExistingById_preconditionIdMustNotBeNull" time="0.0010" classname="com.abiquo.server.core.infrastructure.network.VLANNetworkDAOTest"/>
  <testcase name="test_isInReadWriteTransaction" time="0.0010" classname="com.abiquo.server.core.infrastructure.network.VLANNetworkDAOTest"/>
  <testcase name="test_isInReadWriteTransaction_preconditionEntityManagerIsOpen" time="0.0" classname="com.abiquo.server.core.infrastructure.network.VLANNetworkDAOTest"/>
  <testcase name="test_isInRollbackTransaction" time="0.0" classname="com.abiquo.server.core.infrastructure.network.VLANNetworkDAOTest"/>
  <testcase name="test_isInRollbackTransaction_preconditionEntityManagerIsOpen" time="0.0010" classname="com.abiquo.server.core.infrastructure.network.VLANNetworkDAOTest"/>
  <testcase name="test_isInTransaction" time="0.0010" classname="com.abiquo.server.core.infrastructure.network.VLANNetworkDAOTest"/>
  <testcase name="test_isInTransaction_preconditionEntityManagerIsOpen" time="0.0010" classname="com.abiquo.server.core.infrastructure.network.VLANNetworkDAOTest"/>
  <testcase name="test_isManaged" time="0.117" classname="com.abiquo.server.core.infrastructure.network.VLANNetworkDAOTest"/>
  <testcase name="test_isManaged_preconditionEntityManagerMustBeInTransaction" time="0.0010" classname="com.abiquo.server.core.infrastructure.network.VLANNetworkDAOTest"/>
  <testcase name="test_isManaged_preconditionEntityManagerMustBeOpen" time="0.061" classname="com.abiquo.server.core.infrastructure.network.VLANNetworkDAOTest"/>
  <testcase name="test_isManaged_preconditionEntityMustNotBeNull" time="0.0010" classname="com.abiquo.server.core.infrastructure.network.VLANNetworkDAOTest"/>
  <testcase name="test_isOpen" time="0.0" classname="com.abiquo.server.core.infrastructure.network.VLANNetworkDAOTest"/>
  <testcase name="test_persist" time="0.061" classname="com.abiquo.server.core.infrastructure.network.VLANNetworkDAOTest"/>
  <testcase name="test_persist_preconditionEntityManagerMustBeInReadWriteTransaction" time="0.0010" classname="com.abiquo.server.core.infrastructure.network.VLANNetworkDAOTest"/>
  <testcase name="test_persist_preconditionEntityManagerMustBeOpen" time="0.0050" classname="com.abiquo.server.core.infrastructure.network.VLANNetworkDAOTest"/>
  <testcase name="test_persist_preconditionEntityMustNotBeManaged" time="0.01" classname="com.abiquo.server.core.infrastructure.network.VLANNetworkDAOTest"/>
  <testcase name="test_persist_preconditionEntityMustNotBeNull" time="0.0" classname="com.abiquo.server.core.infrastructure.network.VLANNetworkDAOTest"/>
  <testcase name="test_remove" time="0.106" classname="com.abiquo.server.core.infrastructure.network.VLANNetworkDAOTest"/>
  <testcase name="test_remove_preconditionEntityManagerMustBeInReadWriteTransaction" time="0.059" classname="com.abiquo.server.core.infrastructure.network.VLANNetworkDAOTest"/>
  <testcase name="test_remove_preconditionEntityManagerMustBeOpen" time="0.059" classname="com.abiquo.server.core.infrastructure.network.VLANNetworkDAOTest"/>
  <testcase name="test_remove_preconditionEntityMustBeManaged" time="0.059" classname="com.abiquo.server.core.infrastructure.network.VLANNetworkDAOTest"/>
  <testcase name="test_remove_preconditionEntityMustNotBeNull" time="0.0010" classname="com.abiquo.server.core.infrastructure.network.VLANNetworkDAOTest"/>
  <testcase name="test_remove_preconditionEntityMustNotBeRemoved" time="0.0050" classname="com.abiquo.server.core.infrastructure.network.VLANNetworkDAOTest"/>
  <testcase name="test_existsAnyWithName" time="0.0" classname="com.abiquo.server.core.statistics.CloudUsageDAOTest"/>
  <testcase name="test_constructor_preconditionEntityManagerMustBeOpen" time="0.0" classname="com.abiquo.server.core.statistics.CloudUsageDAOTest"/>
  <testcase name="test_findAll" time="0.066" classname="com.abiquo.server.core.statistics.CloudUsageDAOTest"/>
  <testcase name="test_findAll_preconditionEntityManagerMustBeInTransaction" time="0.0010" classname="com.abiquo.server.core.statistics.CloudUsageDAOTest"/>
  <testcase name="test_findAll_preconditionEntityManagerMustBeOpen" time="0.0" classname="com.abiquo.server.core.statistics.CloudUsageDAOTest"/>
  <testcase name="test_findById" time="0.055" classname="com.abiquo.server.core.statistics.CloudUsageDAOTest"/>
  <testcase name="test_findById_preconditionIdEntityManagerMustBeInTransaction" time="0.05" classname="com.abiquo.server.core.statistics.CloudUsageDAOTest"/>
  <testcase name="test_findById_preconditionIdEntityManagerMustBeOpen" time="0.043" classname="com.abiquo.server.core.statistics.CloudUsageDAOTest"/>
  <testcase name="test_findById_preconditionIdMustNotBeNull" time="0.0010" classname="com.abiquo.server.core.statistics.CloudUsageDAOTest"/>
  <testcase name="test_findExistingById" time="0.045" classname="com.abiquo.server.core.statistics.CloudUsageDAOTest"/>
  <testcase name="test_findExistingById_preconditionIdEntityManagerMustBeInTransaction" time="0.059" classname="com.abiquo.server.core.statistics.CloudUsageDAOTest"/>
  <testcase name="test_findExistingById_preconditionIdEntityManagerMustBeOpen" time="0.05" classname="com.abiquo.server.core.statistics.CloudUsageDAOTest"/>
  <testcase name="test_findExistingById_preconditionIdMustNotBeNull" time="0.0010" classname="com.abiquo.server.core.statistics.CloudUsageDAOTest"/>
  <testcase name="test_isInReadWriteTransaction" time="0.0" classname="com.abiquo.server.core.statistics.CloudUsageDAOTest"/>
  <testcase name="test_isInReadWriteTransaction_preconditionEntityManagerIsOpen" time="0.0010" classname="com.abiquo.server.core.statistics.CloudUsageDAOTest"/>
  <testcase name="test_isInRollbackTransaction" time="0.0010" classname="com.abiquo.server.core.statistics.CloudUsageDAOTest"/>
  <testcase name="test_isInRollbackTransaction_preconditionEntityManagerIsOpen" time="0.0010" classname="com.abiquo.server.core.statistics.CloudUsageDAOTest"/>
  <testcase name="test_isInTransaction" time="0.0" classname="com.abiquo.server.core.statistics.CloudUsageDAOTest"/>
  <testcase name="test_isInTransaction_preconditionEntityManagerIsOpen" time="0.0010" classname="com.abiquo.server.core.statistics.CloudUsageDAOTest"/>
  <testcase name="test_isManaged" time="0.098" classname="com.abiquo.server.core.statistics.CloudUsageDAOTest"/>
  <testcase name="test_isManaged_preconditionEntityManagerMustBeInTransaction" time="0.0010" classname="com.abiquo.server.core.statistics.CloudUsageDAOTest"/>
  <testcase name="test_isManaged_preconditionEntityManagerMustBeOpen" time="0.0010" classname="com.abiquo.server.core.statistics.CloudUsageDAOTest"/>
  <testcase name="test_isManaged_preconditionEntityMustNotBeNull" time="0.0010" classname="com.abiquo.server.core.statistics.CloudUsageDAOTest"/>
  <testcase name="test_isOpen" time="0.0" classname="com.abiquo.server.core.statistics.CloudUsageDAOTest"/>
  <testcase name="test_persist" time="0.052" classname="com.abiquo.server.core.statistics.CloudUsageDAOTest"/>
  <testcase name="test_persist_preconditionEntityManagerMustBeInReadWriteTransaction" time="0.0020" classname="com.abiquo.server.core.statistics.CloudUsageDAOTest"/>
  <testcase name="test_persist_preconditionEntityManagerMustBeOpen" time="0.0010" classname="com.abiquo.server.core.statistics.CloudUsageDAOTest"/>
  <testcase name="test_persist_preconditionEntityMustNotBeManaged" time="0.0010" classname="com.abiquo.server.core.statistics.CloudUsageDAOTest"/>
  <testcase name="test_persist_preconditionEntityMustNotBeNull" time="0.0010" classname="com.abiquo.server.core.statistics.CloudUsageDAOTest"/>
  <testcase name="test_remove" time="0.097" classname="com.abiquo.server.core.statistics.CloudUsageDAOTest"/>
  <testcase name="test_remove_preconditionEntityManagerMustBeInReadWriteTransaction" time="0.053" classname="com.abiquo.server.core.statistics.CloudUsageDAOTest"/>
  <testcase name="test_remove_preconditionEntityManagerMustBeOpen" time="0.05" classname="com.abiquo.server.core.statistics.CloudUsageDAOTest"/>
  <testcase name="test_remove_preconditionEntityMustBeManaged" time="0.05" classname="com.abiquo.server.core.statistics.CloudUsageDAOTest"/>
  <testcase name="test_remove_preconditionEntityMustNotBeNull" time="0.0010" classname="com.abiquo.server.core.statistics.CloudUsageDAOTest"/>
  <testcase name="test_remove_preconditionEntityMustNotBeRemoved" time="0.0010" classname="com.abiquo.server.core.statistics.CloudUsageDAOTest"/>
  <testcase name="test_constructor_preconditionEntityManagerMustBeOpen" time="0.0010" classname="com.abiquo.server.core.infrastructure.storage.TierDAOTest"/>
  <testcase name="test_findAll" time="0.055" classname="com.abiquo.server.core.infrastructure.storage.TierDAOTest"/>
  <testcase name="test_findAll_preconditionEntityManagerMustBeInTransaction" time="0.0010" classname="com.abiquo.server.core.infrastructure.storage.TierDAOTest"/>
  <testcase name="test_findAll_preconditionEntityManagerMustBeOpen" time="0.0" classname="com.abiquo.server.core.infrastructure.storage.TierDAOTest"/>
  <testcase name="test_findById" time="0.048" classname="com.abiquo.server.core.infrastructure.storage.TierDAOTest"/>
[...]
  <testcase name="test_findById" time="0.052" classname="com.abiquo.server.core.statistics.VirtualDatacenterResourcesDAOTest"/>
  <testcase name="test_findById_preconditionIdEntityManagerMustBeInTransaction" time="0.051" classname="com.abiquo.server.core.statistics.VirtualDatacenterResourcesDAOTest"/>
  <testcase name="test_findById_preconditionIdEntityManagerMustBeOpen" time="0.05" classname="com.abiquo.server.core.statistics.VirtualDatacenterResourcesDAOTest"/>
  <testcase name="test_findById_preconditionIdMustNotBeNull" time="0.0010" classname="com.abiquo.server.core.statistics.VirtualDatacenterResourcesDAOTest"/>
  <testcase name="test_findExistingById" time="0.052" classname="com.abiquo.server.core.statistics.VirtualDatacenterResourcesDAOTest"/>
  <testcase name="test_findExistingById_preconditionIdEntityManagerMustBeInTransaction" time="0.044" classname="com.abiquo.server.core.statistics.VirtualDatacenterResourcesDAOTest"/>
  <testcase name="test_findExistingById_preconditionIdEntityManagerMustBeOpen" time="0.042" classname="com.abiquo.server.core.statistics.VirtualDatacenterResourcesDAOTest"/>
  <testcase name="test_findExistingById_preconditionIdMustNotBeNull" time="0.0010" classname="com.abiquo.server.core.statistics.VirtualDatacenterResourcesDAOTest"/>
  <testcase name="test_isInReadWriteTransaction" time="0.0" classname="com.abiquo.server.core.statistics.VirtualDatacenterResourcesDAOTest"/>
  <testcase name="test_isInReadWriteTransaction_preconditionEntityManagerIsOpen" time="0.0010" classname="com.abiquo.server.core.statistics.VirtualDatacenterResourcesDAOTest"/>
  <testcase name="test_isInRollbackTransaction" time="0.0010" classname="com.abiquo.server.core.statistics.VirtualDatacenterResourcesDAOTest"/>
  <testcase name="test_isInRollbackTransaction_preconditionEntityManagerIsOpen" time="0.0010" classname="com.abiquo.server.core.statistics.VirtualDatacenterResourcesDAOTest"/>
  <testcase name="test_isInTransaction" time="0.0" classname="com.abiquo.server.core.statistics.VirtualDatacenterResourcesDAOTest"/>
  <testcase name="test_isInTransaction_preconditionEntityManagerIsOpen" time="0.0" classname="com.abiquo.server.core.statistics.VirtualDatacenterResourcesDAOTest"/>
  <testcase name="test_isManaged" time="0.119" classname="com.abiquo.server.core.statistics.VirtualDatacenterResourcesDAOTest"/>
  <testcase name="test_isManaged_preconditionEntityManagerMustBeInTransaction" time="0.0010" classname="com.abiquo.server.core.statistics.VirtualDatacenterResourcesDAOTest"/>
  <testcase name="test_isManaged_preconditionEntityManagerMustBeOpen" time="0.0010" classname="com.abiquo.server.core.statistics.VirtualDatacenterResourcesDAOTest"/>
  <testcase name="test_isManaged_preconditionEntityMustNotBeNull" time="0.0010" classname="com.abiquo.server.core.statistics.VirtualDatacenterResourcesDAOTest"/>
  <testcase name="test_isOpen" time="0.0" classname="com.abiquo.server.core.statistics.VirtualDatacenterResourcesDAOTest"/>
  <testcase name="test_persist" time="0.054" classname="com.abiquo.server.core.statistics.VirtualDatacenterResourcesDAOTest"/>
  <testcase name="test_persist_preconditionEntityManagerMustBeInReadWriteTransaction" time="0.0010" classname="com.abiquo.server.core.statistics.VirtualDatacenterResourcesDAOTest"/>
  <testcase name="test_persist_preconditionEntityManagerMustBeOpen" time="0.0010" classname="com.abiquo.server.core.statistics.VirtualDatacenterResourcesDAOTest"/>
  <testcase name="test_persist_preconditionEntityMustNotBeManaged" time="0.0010" classname="com.abiquo.server.core.statistics.VirtualDatacenterResourcesDAOTest"/>
  <testcase name="test_persist_preconditionEntityMustNotBeNull" time="0.0010" classname="com.abiquo.server.core.statistics.VirtualDatacenterResourcesDAOTest"/>
  <testcase name="test_remove" time="0.102" classname="com.abiquo.server.core.statistics.VirtualDatacenterResourcesDAOTest"/>
  <testcase name="test_remove_preconditionEntityManagerMustBeInReadWriteTransaction" time="0.054" classname="com.abiquo.server.core.statistics.VirtualDatacenterResourcesDAOTest"/>
  <testcase name="test_remove_preconditionEntityManagerMustBeOpen" time="0.05" classname="com.abiquo.server.core.statistics.VirtualDatacenterResourcesDAOTest"/>
  <testcase name="test_remove_preconditionEntityMustBeManaged" time="0.042" classname="com.abiquo.server.core.statistics.VirtualDatacenterResourcesDAOTest"/>
  <testcase name="test_remove_preconditionEntityMustNotBeNull" time="0.0010" classname="com.abiquo.server.core.statistics.VirtualDatacenterResourcesDAOTest"/>
  <testcase name="test_remove_preconditionEntityMustNotBeRemoved" time="0.0020" classname="com.abiquo.server.core.statistics.VirtualDatacenterResourcesDAOTest"/>
  <testcase name="test_constructor_preconditionEntityManagerMustBeOpen" time="0.0010" classname="com.abiquo.server.core.infrastructure.network.IpPoolManagementDAOTest"/>
  <testcase name="test_findAll" time="0.065" classname="com.abiquo.server.core.infrastructure.network.IpPoolManagementDAOTest"/>
  <testcase name="test_findAll_preconditionEntityManagerMustBeInTransaction" time="0.0010" classname="com.abiquo.server.core.infrastructure.network.IpPoolManagementDAOTest"/>
  <testcase name="test_findAll_preconditionEntityManagerMustBeOpen" time="0.0" classname="com.abiquo.server.core.infrastructure.network.IpPoolManagementDAOTest"/>
  <testcase name="test_findById" time="0.055" classname="com.abiquo.server.core.infrastructure.network.IpPoolManagementDAOTest"/>
  <testcase name="test_findById_preconditionIdEntityManagerMustBeInTransaction" time="0.067" classname="com.abiquo.server.core.infrastructure.network.IpPoolManagementDAOTest"/>
  <testcase name="test_findById_preconditionIdEntityManagerMustBeOpen" time="0.059" classname="com.abiquo.server.core.infrastructure.network.IpPoolManagementDAOTest"/>
  <testcase name="test_findById_preconditionIdMustNotBeNull" time="0.0010" classname="com.abiquo.server.core.infrastructure.network.IpPoolManagementDAOTest"/>
  <testcase name="test_findExistingById" time="0.053" classname="com.abiquo.server.core.infrastructure.network.IpPoolManagementDAOTest"/>
  <testcase name="test_findExistingById_preconditionIdEntityManagerMustBeInTransaction" time="0.059" classname="com.abiquo.server.core.infrastructure.network.IpPoolManagementDAOTest"/>
  <testcase name="test_findExistingById_preconditionIdEntityManagerMustBeOpen" time="0.06" classname="com.abiquo.server.core.infrastructure.network.IpPoolManagementDAOTest"/>
  <testcase name="test_findExistingById_preconditionIdMustNotBeNull" time="0.0" classname="com.abiquo.server.core.infrastructure.network.IpPoolManagementDAOTest"/>
  <testcase name="test_isInReadWriteTransaction" time="0.0" classname="com.abiquo.server.core.infrastructure.network.IpPoolManagementDAOTest"/>
  <testcase name="test_isInReadWriteTransaction_preconditionEntityManagerIsOpen" time="0.0" classname="com.abiquo.server.core.infrastructure.network.IpPoolManagementDAOTest"/>
  <testcase name="test_isInRollbackTransaction" time="0.0" classname="com.abiquo.server.core.infrastructure.network.IpPoolManagementDAOTest"/>
  <testcase name="test_isInRollbackTransaction_preconditionEntityManagerIsOpen" time="0.0" classname="com.abiquo.server.core.infrastructure.network.IpPoolManagementDAOTest"/>
  <testcase name="test_isInTransaction" time="0.0010" classname="com.abiquo.server.core.infrastructure.network.IpPoolManagementDAOTest"/>
  <testcase name="test_isInTransaction_preconditionEntityManagerIsOpen" time="0.0" classname="com.abiquo.server.core.infrastructure.network.IpPoolManagementDAOTest"/>
  <testcase name="test_isManaged" time="0.118" classname="com.abiquo.server.core.infrastructure.network.IpPoolManagementDAOTest"/>
  <testcase name="test_isManaged_preconditionEntityManagerMustBeInTransaction" time="0.0010" classname="com.abiquo.server.core.infrastructure.network.IpPoolManagementDAOTest"/>
  <testcase name="test_isManaged_preconditionEntityManagerMustBeOpen" time="0.059" classname="com.abiquo.server.core.infrastructure.network.IpPoolManagementDAOTest"/>
  <testcase name="test_isManaged_preconditionEntityMustNotBeNull" time="0.0" classname="com.abiquo.server.core.infrastructure.network.IpPoolManagementDAOTest"/>
  <testcase name="test_isOpen" time="0.0" classname="com.abiquo.server.core.infrastructure.network.IpPoolManagementDAOTest"/>
  <testcase name="test_persist" time="0.069" classname="com.abiquo.server.core.infrastructure.network.IpPoolManagementDAOTest"/>
  <testcase name="test_persist_preconditionEntityManagerMustBeInReadWriteTransaction" time="0.0010" classname="com.abiquo.server.core.infrastructure.network.IpPoolManagementDAOTest"/>
  <testcase name="test_persist_preconditionEntityManagerMustBeOpen" time="0.0070" classname="com.abiquo.server.core.infrastructure.network.IpPoolManagementDAOTest"/>
  <testcase name="test_persist_preconditionEntityMustNotBeManaged" time="0.0070" classname="com.abiquo.server.core.infrastructure.network.IpPoolManagementDAOTest"/>
  <testcase name="test_persist_preconditionEntityMustNotBeNull" time="0.0010" classname="com.abiquo.server.core.infrastructure.network.IpPoolManagementDAOTest"/>
  <testcase name="test_remove" time="0.111" classname="com.abiquo.server.core.infrastructure.network.IpPoolManagementDAOTest"/>
  <testcase name="test_remove_preconditionEntityManagerMustBeInReadWriteTransaction" time="0.051" classname="com.abiquo.server.core.infrastructure.network.IpPoolManagementDAOTest"/>
  <testcase name="test_remove_preconditionEntityManagerMustBeOpen" time="0.052" classname="com.abiquo.server.core.infrastructure.network.IpPoolManagementDAOTest"/>
  <testcase name="test_remove_preconditionEntityMustBeManaged" time="0.059" classname="com.abiquo.server.core.infrastructure.network.IpPoolManagementDAOTest"/>
  <testcase name="test_remove_preconditionEntityMustNotBeNull" time="0.0010" classname="com.abiquo.server.core.infrastructure.network.IpPoolManagementDAOTest"/>
  <testcase name="test_remove_preconditionEntityMustNotBeRemoved" time="0.0080" classname="com.abiquo.server.core.infrastructure.network.IpPoolManagementDAOTest"/>
  <testcase name="test_constructor_preconditionEntityManagerMustBeOpen" time="0.0010" classname="com.abiquo.server.core.statistics.DatacenterResourcesDAOTest"/>
  <testcase name="test_findAll" time="0.057" classname="com.abiquo.server.core.statistics.DatacenterResourcesDAOTest"/>
  <testcase name="test_findAll_preconditionEntityManagerMustBeInTransaction" time="0.0" classname="com.abiquo.server.core.statistics.DatacenterResourcesDAOTest"/>
  <testcase name="test_findAll_preconditionEntityManagerMustBeOpen" time="0.0010" classname="com.abiquo.server.core.statistics.DatacenterResourcesDAOTest"/>
  <testcase name="test_findById" time="0.053" classname="com.abiquo.server.core.statistics.DatacenterResourcesDAOTest"/>
  <testcase name="test_findById_preconditionIdEntityManagerMustBeInTransaction" time="0.042" classname="com.abiquo.server.core.statistics.DatacenterResourcesDAOTest"/>
  <testcase name="test_findById_preconditionIdEntityManagerMustBeOpen" time="0.076" classname="com.abiquo.server.core.statistics.DatacenterResourcesDAOTest"/>
  <testcase name="test_findById_preconditionIdMustNotBeNull" time="0.0010" classname="com.abiquo.server.core.statistics.DatacenterResourcesDAOTest"/>
  <testcase name="test_findExistingById" time="0.045" classname="com.abiquo.server.core.statistics.DatacenterResourcesDAOTest"/>
  <testcase name="test_findExistingById_preconditionIdEntityManagerMustBeInTransaction" time="0.051" classname="com.abiquo.server.core.statistics.DatacenterResourcesDAOTest"/>
  <testcase name="test_findExistingById_preconditionIdEntityManagerMustBeOpen" time="0.05" classname="com.abiquo.server.core.statistics.DatacenterResourcesDAOTest"/>
  <testcase name="test_findExistingById_preconditionIdMustNotBeNull" time="0.0010" classname="com.abiquo.server.core.statistics.DatacenterResourcesDAOTest"/>
  <testcase name="test_isInReadWriteTransaction" time="0.0" classname="com.abiquo.server.core.statistics.DatacenterResourcesDAOTest"/>
  <testcase name="test_isInReadWriteTransaction_preconditionEntityManagerIsOpen" time="0.0010" classname="com.abiquo.server.core.statistics.DatacenterResourcesDAOTest"/>
  <testcase name="test_isInRollbackTransaction" time="0.0010" classname="com.abiquo.server.core.statistics.DatacenterResourcesDAOTest"/>
  <testcase name="test_isInRollbackTransaction_preconditionEntityManagerIsOpen" time="0.0010" classname="com.abiquo.server.core.statistics.DatacenterResourcesDAOTest"/>
  <testcase name="test_isInTransaction" time="0.0" classname="com.abiquo.server.core.statistics.DatacenterResourcesDAOTest"/>
  <testcase name="test_isInTransaction_preconditionEntityManagerIsOpen" time="0.0" classname="com.abiquo.server.core.statistics.DatacenterResourcesDAOTest"/>
  <testcase name="test_isManaged" time="0.096" classname="com.abiquo.server.core.statistics.DatacenterResourcesDAOTest"/>
  <testcase name="test_isManaged_preconditionEntityManagerMustBeInTransaction" time="0.0010" classname="com.abiquo.server.core.statistics.DatacenterResourcesDAOTest"/>
  <testcase name="test_isManaged_preconditionEntityManagerMustBeOpen" time="0.0" classname="com.abiquo.server.core.statistics.DatacenterResourcesDAOTest"/>
  <testcase name="test_isManaged_preconditionEntityMustNotBeNull" time="0.0" classname="com.abiquo.server.core.statistics.DatacenterResourcesDAOTest"/>
  <testcase name="test_isOpen" time="0.0" classname="com.abiquo.server.core.statistics.DatacenterResourcesDAOTest"/>
  <testcase name="test_persist" time="0.04" classname="com.abiquo.server.core.statistics.DatacenterResourcesDAOTest"/>
  <testcase name="test_persist_preconditionEntityManagerMustBeInReadWriteTransaction" time="0.0010" classname="com.abiquo.server.core.statistics.DatacenterResourcesDAOTest"/>
  <testcase name="test_persist_preconditionEntityManagerMustBeOpen" time="0.0010" classname="com.abiquo.server.core.statistics.DatacenterResourcesDAOTest"/>
  <testcase name="test_persist_preconditionEntityMustNotBeManaged" time="0.0010" classname="com.abiquo.server.core.statistics.DatacenterResourcesDAOTest"/>
  <testcase name="test_persist_preconditionEntityMustNotBeNull" time="0.0" classname="com.abiquo.server.core.statistics.DatacenterResourcesDAOTest"/>
  <testcase name="test_remove" time="0.104" classname="com.abiquo.server.core.statistics.DatacenterResourcesDAOTest"/>
  <testcase name="test_remove_preconditionEntityManagerMustBeInReadWriteTransaction" time="0.052" classname="com.abiquo.server.core.statistics.DatacenterResourcesDAOTest"/>
  <testcase name="test_remove_preconditionEntityManagerMustBeOpen" time="0.05" classname="com.abiquo.server.core.statistics.DatacenterResourcesDAOTest"/>
  <testcase name="test_remove_preconditionEntityMustBeManaged" time="0.05" classname="com.abiquo.server.core.statistics.DatacenterResourcesDAOTest"/>
  <testcase name="test_remove_preconditionEntityMustNotBeNull" time="0.0010" classname="com.abiquo.server.core.statistics.DatacenterResourcesDAOTest"/>
  <testcase name="test_remove_preconditionEntityMustNotBeRemoved" time="0.0010" classname="com.abiquo.server.core.statistics.DatacenterResourcesDAOTest"/>
  <testcase name="test_constructor_preconditionEntityManagerMustBeOpen" time="0.0010" classname="com.abiquo.server.core.cloud.VirtualMachineDAOTest"/>
  <testcase name="test_findAll" time="0.117" classname="com.abiquo.server.core.cloud.VirtualMachineDAOTest"/>
  <testcase name="test_findAll_preconditionEntityManagerMustBeInTransaction" time="0.0010" classname="com.abiquo.server.core.cloud.VirtualMachineDAOTest"/>
  <testcase name="test_findAll_preconditionEntityManagerMustBeOpen" time="0.0010" classname="com.abiquo.server.core.cloud.VirtualMachineDAOTest"/>
  <testcase name="test_findById" time="0.054" classname="com.abiquo.server.core.cloud.VirtualMachineDAOTest"/>
  <testcase name="test_findById_preconditionIdEntityManagerMustBeInTransaction" time="0.05" classname="com.abiquo.server.core.cloud.VirtualMachineDAOTest"/>
  <testcase name="test_findById_preconditionIdEntityManagerMustBeOpen" time="0.05" classname="com.abiquo.server.core.cloud.VirtualMachineDAOTest"/>
  <testcase name="test_findById_preconditionIdMustNotBeNull" time="0.0010" classname="com.abiquo.server.core.cloud.VirtualMachineDAOTest"/>
  <testcase name="test_findExistingById" time="0.06" classname="com.abiquo.server.core.cloud.VirtualMachineDAOTest"/>
  <testcase name="test_findExistingById_preconditionIdEntityManagerMustBeInTransaction" time="0.059" classname="com.abiquo.server.core.cloud.VirtualMachineDAOTest"/>
  <testcase name="test_findExistingById_preconditionIdEntityManagerMustBeOpen" time="0.059" classname="com.abiquo.server.core.cloud.VirtualMachineDAOTest"/>
  <testcase name="test_findExistingById_preconditionIdMustNotBeNull" time="0.0" classname="com.abiquo.server.core.cloud.VirtualMachineDAOTest"/>
  <testcase name="test_isInReadWriteTransaction" time="0.0" classname="com.abiquo.server.core.cloud.VirtualMachineDAOTest"/>
  <testcase name="test_isInReadWriteTransaction_preconditionEntityManagerIsOpen" time="0.0010" classname="com.abiquo.server.core.cloud.VirtualMachineDAOTest"/>
  <testcase name="test_isInRollbackTransaction" time="0.0" classname="com.abiquo.server.core.cloud.VirtualMachineDAOTest"/>
  <testcase name="test_isInRollbackTransaction_preconditionEntityManagerIsOpen" time="0.0010" classname="com.abiquo.server.core.cloud.VirtualMachineDAOTest"/>
  <testcase name="test_isInTransaction" time="0.0" classname="com.abiquo.server.core.cloud.VirtualMachineDAOTest"/>
  <testcase name="test_isInTransaction_preconditionEntityManagerIsOpen" time="0.0" classname="com.abiquo.server.core.cloud.VirtualMachineDAOTest"/>
  <testcase name="test_isManaged" time="0.105" classname="com.abiquo.server.core.cloud.VirtualMachineDAOTest"/>
  <testcase name="test_isManaged_preconditionEntityManagerMustBeInTransaction" time="0.0010" classname="com.abiquo.server.core.cloud.VirtualMachineDAOTest"/>
  <testcase name="test_isManaged_preconditionEntityManagerMustBeOpen" time="0.051" classname="com.abiquo.server.core.cloud.VirtualMachineDAOTest"/>
  <testcase name="test_isManaged_preconditionEntityMustNotBeNull" time="0.0010" classname="com.abiquo.server.core.cloud.VirtualMachineDAOTest"/>
  <testcase name="test_isOpen" time="0.0010" classname="com.abiquo.server.core.cloud.VirtualMachineDAOTest"/>
  <testcase name="test_persist" time="0.059" classname="com.abiquo.server.core.cloud.VirtualMachineDAOTest"/>
  <testcase name="test_persist_preconditionEntityManagerMustBeInReadWriteTransaction" time="0.0020" classname="com.abiquo.server.core.cloud.VirtualMachineDAOTest"/>
  <testcase name="test_persist_preconditionEntityManagerMustBeOpen" time="0.0080" classname="com.abiquo.server.core.cloud.VirtualMachineDAOTest"/>
  <testcase name="test_persist_preconditionEntityMustNotBeManaged" time="0.0050" classname="com.abiquo.server.core.cloud.VirtualMachineDAOTest"/>
  <testcase name="test_persist_preconditionEntityMustNotBeNull" time="0.0010" classname="com.abiquo.server.core.cloud.VirtualMachineDAOTest"/>
  <testcase name="test_remove" time="0.101" classname="com.abiquo.server.core.cloud.VirtualMachineDAOTest"/>
  <testcase name="test_remove_preconditionEntityManagerMustBeInReadWriteTransaction" time="0.043" classname="com.abiquo.server.core.cloud.VirtualMachineDAOTest"/>
  <testcase name="test_remove_preconditionEntityManagerMustBeOpen" time="0.051" classname="com.abiquo.server.core.cloud.VirtualMachineDAOTest"/>
  <testcase name="test_remove_preconditionEntityMustBeManaged" time="0.059" classname="com.abiquo.server.core.cloud.VirtualMachineDAOTest"/>
  <testcase name="test_remove_preconditionEntityMustNotBeNull" time="0.0010" classname="com.abiquo.server.core.cloud.VirtualMachineDAOTest"/>
  <testcase name="test_remove_preconditionEntityMustNotBeRemoved" time="0.0050" classname="com.abiquo.server.core.cloud.VirtualMachineDAOTest"/>
</testsuite>
